------- code table 1
L0	INCSP 1
L2	PUSHG 0
L7	CALLEXT 0
L12	CALLEXT 1
L17	POPL 1
L20	INCSP 1
L22	PUSHL 1
L25	CALLEXT 3
L30	DECSP 1
L32	POPL -1
L35	DECSP 1
L37	RET 

V0	"Enter a number: "

------- code table 2
L0	INCSP 3
L2	INCSP 1
L4	CALL 1
L9	POPL 1
L12	INCSP 1
L14	CALL 1
L19	POPL 2
L22	PUSHL 1
L25	PUSHL 2
L28	ADD L34
L31	JUMP L36
L34	ERROR 1
L36	POPL 3
L39	PUSHG 2
L44	CALLEXT 0
L49	INCSP 1
L51	PUSHL 3
L54	CALLEXT 2
L59	DECSP 1
L61	CALLEXT 0
L66	PUSHG 3
L71	CALLEXT 0
L76	RET 

V2	"Sum: "
V3	"\n"

Running program...
Enter a number: 1.2
Enter a number: 2.3
Sum: 3.5
Execution completed successfully
