------- code table 1
L0	PUSHM3NIL 2
L2	PUSHM3NIL 2
L4	PUSHG 1
L9	PUSHG 2
L14	SOLVE 2, 2, 2: 
	  b=(a,d)
	  c=(b,d)
L35	TJUMP L49
L38	PUSHG 3
L43	CALLEXT 0
L48	RET 
L49	POPL 2
L52	POPL 1
L55	INCSP 1
L57	PUSHL 1
L60	CALLEXT 2
L65	DECSP 1
L67	CALLEXT 0
L72	PUSHG 4
L77	CALLEXT 0
L82	INCSP 1
L84	PUSHL 2
L87	CALLEXT 2
L92	DECSP 1
L94	CALLEXT 0
L99	PUSHG 4
L104	CALLEXT 0
L109	RET 

V1	[["foo"]]
V2	NIL
V3	"No solution found to [[x]] = [[\"foo\"]]"
V4	"\n"

Running program...
"foo"
["foo"]
Execution completed successfully
