------- code table 1
L0	PUSHM3NIL 3
L2	PUSHM3NIL 3
L4	SOLVE 3, 0, 1: 
	  a=(b,c)
L18	TJUMP L34
L21	PUSHG 3
L26	CALLEXT 0
L31	DECSP 1
L33	RET 
L34	POPL 3
L37	POPL 2
L40	POPL 1
L43	INCSP 1
L45	PUSHL 1
L48	CALLEXT 2
L53	DECSP 1
L55	CALLEXT 0
L60	PUSHG 4
L65	CALLEXT 0
L70	INCSP 1
L72	PUSHL 2
L75	CALLEXT 2
L80	DECSP 1
L82	CALLEXT 0
L87	PUSHG 4
L92	CALLEXT 0
L97	INCSP 1
L99	PUSHL 3
L102	CALLEXT 2
L107	DECSP 1
L109	CALLEXT 0
L114	PUSHG 4
L119	CALLEXT 0
L124	RET 

V3	"No solution found to x, y, z :: x = (y, z)\n"
V4	"\n"

Running program...
[NIL]
NIL
NIL
Execution completed successfully
