------- code table 1
L0	INCSP 1
L2	PUSHL -1
L5	CALLEXT 2
L10	DECSP 1
L12	CALLEXT 0
L17	DECSP 1
L19	PUSHG 6
L24	CALLEXT 0
L29	DECSP 1
L31	RET 

V6	"\t"

------- code table 2
L0	PUSHM3NIL 2
L2	PUSHL -1
L5	CALL 1
L10	DECSP 1
L12	PUSHL -1
L15	POPL 1
L18	PUSHL 1
L21	PUSHL -1
L24	SOLVE 1, 1, 1: 
	  b=a*a
L38	POPL 1
L41	PUSHL 1
L44	CALL 1
L49	DECSP 1
L51	PUSHL 1
L54	PUSHL 1
L57	MULTIPLY L63
L60	JUMP L66
L63	ERROR 4
L65	RET 
L66	POPL 2
L69	PUSHL 2
L72	CALL 1
L77	DECSP 1
L79	PUSHL 2
L82	IS-INT 
L83	DECSP 1
L85	FJUMP L96
L88	PUSHG 0
L93	JUMP L101
L96	PUSHG 1
L101	CALLEXT 0
L106	DECSP 1
L108	RET 

V0	"Integer\n"
V1	"Not integer\n"

------- code table 3
L0	PUSHM3NIL 1
L2	PUSHG 2
L7	POPL 1
L10	PUSHL 1
L13	PUSHG 3
L18	AT-MOST 
L19	FJUMP L55
L22	PUSHL 1
L25	CALL 2
L30	DECSP 1
L32	PUSHL 1
L35	PUSHG 4
L40	MULTIPLY L46
L43	JUMP L49
L46	ERROR 4
L48	RET 
L49	POPL 1
L52	JUMP L10
L55	RET 

V2	2
V3	1e6
V4	3

Running program...
2	1.4142135	1.9999999	Not integer
6	2.4494898	6.0000005	Not integer
18	4.2426405	17.999998	Not integer
54	7.3484693	54	Integer
162	12.7279215	161.99998	Not integer
486	22.045408	486.00003	Not integer
1458	38.183765	1458	Integer
4374	66.13622	4374	Integer
13122	114.5513	13122	Integer
39366	198.40866	39365.996	Not integer
118098	343.6539	118098	Integer
354294	595.226	354294	Integer
Execution completed successfully
