( ; create sets
  (NewSet "a")
  (NewSet "b")
  (NewSet "c")
  (NewSet "d")
  (NewSet "e")
  (NewSet "f")
  (NewSet "g")
  (NewSet "h")
  (NewSet "i")
  (NewSet "j")
  (NewSet "k")
  (NewSet "l")
  (NewSet "m")
  (NewSet "n")
  (NewSet "o")
  (NewSet "p")
  (NewSet "q")
  (NewSet "r")
  (NewSet "s")
  (NewSet "t")
  (NewSet "u")
  (NewSet "v")
  (NewSet "w")
  (NewSet "x")
  (NewSet "y")
  (NewSet "z")
  (NewSet "a")
  (NewSet "b1")
  (NewSet "c1")
  (NewSet "d1")
  (NewSet "e1")
  (NewSet "f1")
  (NewSet "g1")
  (NewSet "h1")
  (NewSet "i1")
  (NewSet "j1")
  (NewSet "k1")
  (NewSet "l1")
  (NewSet "m1")
  (NewSet "n1")
  (NewSet "o1")
  (NewSet "p1")
  (NewSet "q1")
  (NewSet "r1")
  (NewSet "s1")
  (NewSet "t1")
  (NewSet "u1")
  (NewSet "v1")
  (NewSet "w1")
  (NewSet "x1")
  (NewSet "y1")
  (NewSet "z1")
  (NewSet "a2")
  (NewSet "b2")
  (NewSet "c2")
  (NewSet "d2")
  (NewSet "e2")
  (NewSet "f2")
  (NewSet "g2")
  (NewSet "h2")
  (NewSet "i2")
  (NewSet "j2")
  (NewSet "k2")
  (NewSet "l2")
  (NewSet "m2")
  (NewSet "n2")
  (NewSet "o2")
  (NewSet "p2")
  (NewSet "q2")
  (NewSet "r2")
  (NewSet "s2")
  (NewSet "t2")
  (NewSet "u2")
  (NewSet "v2")
  (NewSet "w2")
  (NewSet "x2")
  (NewSet "y2")
  (NewSet "z2")
  (NewSet "a3")
  (NewSet "b3")
  (NewSet "c3")
  (NewSet "d3")
  (NewSet "e3")
  (NewSet "f3")
  (NewSet "g3")
  (NewSet "h3")
  (NewSet "i3")
  (NewSet "j3")
  (NewSet "k3")
  (NewSet "l3")
  (NewSet "m3")
  (NewSet "n3")
  (NewSet "o3")
  (NewSet "p3")
  (NewSet "q3")
  (NewSet "r3")
  (NewSet "s3")
  (NewSet "t3")
  (NewSet "u3")
  (NewSet "v3")
  (NewSet "w3")
  (NewSet "x3")
  (NewSet "y3")
  (NewSet "z3")
  (NewSet "a4")
  (NewSet "b4")
  (NewSet "c4")
  (NewSet "d4")
  (NewSet "e4")
  (NewSet "f4")
  (NewSet "g4")
  (NewSet "h4")
  (NewSet "i4")
  (NewSet "j4")
  (NewSet "k4")
  (NewSet "l4")
  (NewSet "m4")
  (NewSet "n4")
  (NewSet "o4")
  (NewSet "p4")
  (NewSet "q4")
  (NewSet "r4")
  (NewSet "s4")
  (NewSet "t4")
  (NewSet "u4")
  (NewSet "v4")
  (NewSet "w4")
  (NewSet "x4")
  (NewSet "y4")
  (NewSet "z4")
  (NewSet "a5")
  (NewSet "b5")
  (NewSet "c5")
  (NewSet "d5")
  (NewSet "e5")
  (NewSet "f5")
  (NewSet "g5")
  (NewSet "h5")
  (NewSet "i5")
  (NewSet "j5")
  (NewSet "k5")
  (NewSet "l5")
  (NewSet "m5")
  (NewSet "n5")
  (NewSet "o5")
  (NewSet "p5")
  (NewSet "q5")
  (NewSet "r5")
  (NewSet "s5")
  (NewSet "t5")
  (NewSet "u5")
  (NewSet "v5")
  (NewSet "w5")
  (NewSet "x5")
  (NewSet "y5")
  (NewSet "z5")
  (NewSet "a6")
  (NewSet "k+r")
  (Find 5)
  (Union 5 157 TRUE)
  (NewSet "j+q")
  (Find 3)
  (Union 3 158 TRUE)
  (NewSet "o+p")
  (Find 17)
  (Union 17 159 TRUE)
  (NewSet "q+a")
  (Find 1)
  (Union 1 160 TRUE)
  (NewSet "e*n")
  (Find 15)
  (Union 15 161 TRUE)
  (NewSet "c*i")
  (Find 14)
  (Union 14 162 TRUE)
  (NewSet "e*i")
  (Find 0)
  (Union 0 163 TRUE)
  (NewSet "c*n")
  (Find 1)
  (Union 1 164 TRUE)
  (NewSet "i+k")
  (Find 12)
  (Union 12 165 TRUE)
  (NewSet "n+j")
  (Find 11)
  (Union 11 166 TRUE)
  (NewSet "(d,f)")
  (Find 145)
  (Union 145 167 TRUE)
  (NewSet "156.9")
  (Find 3)
  (Union 3 168 TRUE)
  (NewSet "203.9")
  (Find 5)
  (Union 5 169 TRUE)
  (NewSet "(c,e)")
  (Find 146)
  (Union 146 170 TRUE)
  (NewSet "0.45")
  (Find 2)
  (Union 2 171 TRUE)
  (NewSet "0")
  (Find 4)
  (Union 4 172 TRUE)
  (NewSet "(f5,h5)")
  (Find 132)
  (Union 132 173 TRUE)
  (NewSet "~(137.8, 325.5)")
  (Find 135)
  (Union 135 174 TRUE)
  (NewSet "~(79.17, 270.7)")
  (Find 137)
  (Union 137 175 TRUE)
  (NewSet "(f5,g5)")
  (Find 131)
  (Union 131 176 TRUE)
  (NewSet "~(137.8, 325.5)")
  (Find 135)
  (Union 135 177 TRUE)
  (NewSet "~(85.03, 312.2)")
  (Find 136)
  (Union 136 178 TRUE)
  (NewSet "(d5,o5)")
  (Find 130)
  (Union 130 179 TRUE)
  (NewSet "~(244.1, 278.4)")
  (Find 133)
  (Union 133 180 TRUE)
  (NewSet "~(64.51, 95.62)")
  (Find 144)
  (Union 144 181 TRUE)
  (NewSet "(e5,n5)")
  (Find 129)
  (Union 129 182 TRUE)
  (NewSet "~(212.6, 315.7)")
  (Find 134)
  (Union 134 183 TRUE)
  (NewSet "~(162, 73.83)")
  (Find 143)
  (Union 143 184 TRUE)
  (NewSet "(f5,m5)")
  (Find 128)
  (Union 128 185 TRUE)
  (NewSet "~(137.8, 325.5)")
  (Find 135)
  (Union 135 186 TRUE)
  (NewSet "~(224.3, 81.56)")
  (Find 142)
  (Union 142 187 TRUE)
  (NewSet "(g5,l5)")
  (Find 127)
  (Union 127 188 TRUE)
  (NewSet "~(85.03, 312.2)")
  (Find 136)
  (Union 136 189 TRUE)
  (NewSet "~(242.6, 116)")
  (Find 141)
  (Union 141 190 TRUE)
  (NewSet "(h5,k5)")
  (Find 126)
  (Union 126 191 TRUE)
  (NewSet "~(79.17, 270.7)")
  (Find 137)
  (Union 137 192 TRUE)
  (NewSet "~(244.8, 158.2)")
  (Find 140)
  (Union 140 193 TRUE)
  (NewSet "(i5,j5)")
  (Find 125)
  (Union 125 194 TRUE)
  (NewSet "~(98.22, 241.2)")
  (Find 138)
  (Union 138 195 TRUE)
  (NewSet "~(195.7, 187.7)")
  (Find 139)
  (Union 139 196 TRUE)
  (NewSet "x*w")
  (Find 20)
  (Union 20 197 TRUE)
  (NewSet "v1+l1")
  (Find 51)
  (Union 51 198 TRUE)
  (NewSet "n2+d2")
  (Find 69)
  (Union 69 199 TRUE)
  (NewSet "f3+v2")
  (Find 87)
  (Union 87 200 TRUE)
  (NewSet "x3+n3")
  (Find 105)
  (Union 105 201 TRUE)
  (NewSet "p4+f4")
  (Find 123)
  (Union 123 202 TRUE)
  (NewSet "(k1,j1)")
  (Find 131)
  (Union 131 203 TRUE)
  (NewSet "(i1,h1)")
  (Find 36)
  (Union 36 204 TRUE)
  (NewSet "(g1,f1)")
  (Find 35)
  (Union 35 205 TRUE)
  (NewSet "(e1,d1)")
  (Find 132)
  (Union 132 206 TRUE)
  (NewSet "(c1,b1)")
  (Find 30)
  (Union 30 207 TRUE)
  (NewSet "(a,z)")
  (Find 29)
  (Union 29 208 TRUE)
  (NewSet "y+g1")
  (Find 34)
  (Union 34 209 TRUE)
  (NewSet "x+f1")
  (Find 33)
  (Union 33 210 TRUE)
  (NewSet "w+a")
  (Find 28)
  (Union 28 211 TRUE)
  (NewSet "v+z")
  (Find 27)
  (Union 27 212 TRUE)
  (NewSet "y*v")
  (Find 20)
  (Union 20 213 TRUE)
  (NewSet "(y1,x1)")
  (Find 130)
  (Union 130 214 TRUE)
  (NewSet "(w1,v1)")
  (Find 50)
  (Union 50 215 TRUE)
  (NewSet "(u1,t1)")
  (Find 49)
  (Union 49 216 TRUE)
  (NewSet "(c2,a2)")
  (Find 147)
  (Union 147 217 TRUE)
  (NewSet "0.45")
  (Find 54)
  (Union 54 218 TRUE)
  (NewSet "0")
  (Find 52)
  (Union 52 219 TRUE)
  (NewSet "(b2,z1)")
  (Find 148)
  (Union 148 220 TRUE)
  (NewSet "156.9")
  (Find 53)
  (Union 53 221 TRUE)
  (NewSet "203.9")
  (Find 51)
  (Union 51 222 TRUE)
  (NewSet "s1+w1")
  (Find 46)
  (Union 46 223 TRUE)
  (NewSet "r1+v1")
  (Find 45)
  (Union 45 224 TRUE)
  (NewSet "c2*s1")
  (Find 42)
  (Union 42 225 TRUE)
  (NewSet "a2*r1")
  (Find 41)
  (Union 41 226 TRUE)
  (NewSet "c2*r1")
  (Find 40)
  (Union 40 227 TRUE)
  (NewSet "a2*s1")
  (Find 39)
  (Union 39 228 TRUE)
  (NewSet "m1+p1")
  (Find 42)
  (Union 42 229 TRUE)
  (NewSet "o1+n1")
  (Find 37)
  (Union 37 230 TRUE)
  (NewSet "w1+m1")
  (Find 53)
  (Union 53 231 TRUE)
  (NewSet "(q2,p2)")
  (Find 129)
  (Union 129 232 TRUE)
  (NewSet "(o2,n2)")
  (Find 68)
  (Union 68 233 TRUE)
  (NewSet "(m2,l2)")
  (Find 67)
  (Union 67 234 TRUE)
  (NewSet "(u2,s2)")
  (Find 149)
  (Union 149 235 TRUE)
  (NewSet "0.45")
  (Find 72)
  (Union 72 236 TRUE)
  (NewSet "0")
  (Find 70)
  (Union 70 237 TRUE)
  (NewSet "(t2,r2)")
  (Find 150)
  (Union 150 238 TRUE)
  (NewSet "156.9")
  (Find 71)
  (Union 71 239 TRUE)
  (NewSet "203.9")
  (Find 69)
  (Union 69 240 TRUE)
  (NewSet "k2+o2")
  (Find 64)
  (Union 64 241 TRUE)
  (NewSet "j2+n2")
  (Find 63)
  (Union 63 242 TRUE)
  (NewSet "u2*k2")
  (Find 60)
  (Union 60 243 TRUE)
  (NewSet "s2*j2")
  (Find 59)
  (Union 59 244 TRUE)
  (NewSet "u2*j2")
  (Find 58)
  (Union 58 245 TRUE)
  (NewSet "s2*k2")
  (Find 57)
  (Union 57 246 TRUE)
  (NewSet "e2+h2")
  (Find 60)
  (Union 60 247 TRUE)
  (NewSet "g2+f2")
  (Find 55)
  (Union 55 248 TRUE)
  (NewSet "o2+e2")
  (Find 71)
  (Union 71 249 TRUE)
  (NewSet "(i3,h3)")
  (Find 128)
  (Union 128 250 TRUE)
  (NewSet "(g3,f3)")
  (Find 86)
  (Union 86 251 TRUE)
  (NewSet "(e3,d3)")
  (Find 85)
  (Union 85 252 TRUE)
  (NewSet "(m3,k3)")
  (Find 151)
  (Union 151 253 TRUE)
  (NewSet "0.45")
  (Find 90)
  (Union 90 254 TRUE)
  (NewSet "0")
  (Find 88)
  (Union 88 255 TRUE)
  (NewSet "(l3,j3)")
  (Find 152)
  (Union 152 256 TRUE)
  (NewSet "156.9")
  (Find 89)
  (Union 89 257 TRUE)
  (NewSet "203.9")
  (Find 87)
  (Union 87 258 TRUE)
  (NewSet "c3+g3")
  (Find 82)
  (Union 82 259 TRUE)
  (NewSet "b3+f3")
  (Find 81)
  (Union 81 260 TRUE)
  (NewSet "m3*c3")
  (Find 78)
  (Union 78 261 TRUE)
  (NewSet "k3*b3")
  (Find 77)
  (Union 77 262 TRUE)
  (NewSet "m3*b3")
  (Find 76)
  (Union 76 263 TRUE)
  (NewSet "k3*c3")
  (Find 75)
  (Union 75 264 TRUE)
  (NewSet "w2+z2")
  (Find 78)
  (Union 78 265 TRUE)
  (NewSet "y2+x2")
  (Find 73)
  (Union 73 266 TRUE)
  (NewSet "g3+w2")
  (Find 89)
  (Union 89 267 TRUE)
  (NewSet "(a4,z3)")
  (Find 127)
  (Union 127 268 TRUE)
  (NewSet "(y3,x3)")
  (Find 104)
  (Union 104 269 TRUE)
  (NewSet "(w3,v3)")
  (Find 103)
  (Union 103 270 TRUE)
  (NewSet "(e4,c4)")
  (Find 153)
  (Union 153 271 TRUE)
  (NewSet "0.45")
  (Find 108)
  (Union 108 272 TRUE)
  (NewSet "0")
  (Find 106)
  (Union 106 273 TRUE)
  (NewSet "(d4,b4)")
  (Find 154)
  (Union 154 274 TRUE)
  (NewSet "156.9")
  (Find 107)
  (Union 107 275 TRUE)
  (NewSet "203.9")
  (Find 105)
  (Union 105 276 TRUE)
  (NewSet "u3+y3")
  (Find 100)
  (Union 100 277 TRUE)
  (NewSet "t3+x3")
  (Find 99)
  (Union 99 278 TRUE)
  (NewSet "e4*u3")
  (Find 96)
  (Union 96 279 TRUE)
  (NewSet "c4*t3")
  (Find 95)
  (Union 95 280 TRUE)
  (NewSet "e4*t3")
  (Find 94)
  (Union 94 281 TRUE)
  (NewSet "c4*u3")
  (Find 93)
  (Union 93 282 TRUE)
  (NewSet "o3+r3")
  (Find 96)
  (Union 96 283 TRUE)
  (NewSet "q3+p3")
  (Find 91)
  (Union 91 284 TRUE)
  (NewSet "y3+o3")
  (Find 107)
  (Union 107 285 TRUE)
  (NewSet "(s4,r4)")
  (Find 126)
  (Union 126 286 TRUE)
  (NewSet "(q4,p4)")
  (Find 122)
  (Union 122 287 TRUE)
  (NewSet "(o4,n4)")
  (Find 121)
  (Union 121 288 TRUE)
  (NewSet "(s,u4)")
  (Find 155)
  (Union 155 289 TRUE)
  (NewSet "0.45")
  (Find 18)
  (Union 18 290 TRUE)
  (NewSet "0")
  (Find 124)
  (Union 124 291 TRUE)
  (NewSet "(t,t4)")
  (Find 156)
  (Union 156 292 TRUE)
  (NewSet "156.9")
  (Find 19)
  (Union 19 293 TRUE)
  (NewSet "203.9")
  (Find 123)
  (Union 123 294 TRUE)
  (NewSet "m4+q4")
  (Find 118)
  (Union 118 295 TRUE)
  (NewSet "l4+p4")
  (Find 117)
  (Union 117 296 TRUE)
  (NewSet "s*m4")
  (Find 114)
  (Union 114 297 TRUE)
  (NewSet "u4*l4")
  (Find 113)
  (Union 113 298 TRUE)
  (NewSet "s*l4")
  (Find 112)
  (Union 112 299 TRUE)
  (NewSet "u4*m4")
  (Find 111)
  (Union 111 300 TRUE)
  (NewSet "g4+j4")
  (Find 114)
  (Union 114 301 TRUE)
  (NewSet "i4+h4")
  (Find 109)
  (Union 109 302 TRUE)
  (NewSet "q4+g4")
  (Find 19)
  (Union 19 303 TRUE)
  (NewSet "(g,h)")
  (Find 125)
  (Union 125 304 TRUE)
  (NewSet "(j,k)")
  (Find 6)
  (Union 6 305 TRUE)
  (NewSet "(l,m)")
  (Find 7)
  (Union 7 306 TRUE)
  (FinishedSets)

  ; operations on sets
  (Find 138)
  (Find 6)
  (Union 138 6 TRUE)
  (NewSet "~98.22")
  (Find 9)
  (Union 9 307 TRUE)
  (NewSet "~241.2")
  (Find 10)
  (Union 10 308 TRUE)
  (Find 139)
  (Find 7)
  (Union 139 7 TRUE)
  (NewSet "~195.7")
  (Find 11)
  (Union 11 309 TRUE)
  (NewSet "~187.7")
  (Find 12)
  (Union 12 310 TRUE)
  (Find 137)
  (Find 122)
  (Union 137 122 TRUE)
  (NewSet "~79.17")
  (Find 120)
  (Union 120 311 TRUE)
  (NewSet "~270.7")
  (Find 119)
  (Union 119 312 TRUE)
  (Find 140)
  (Find 121)
  (Union 140 121 TRUE)
  (NewSet "~244.8")
  (Find 118)
  (Union 118 313 TRUE)
  (NewSet "~158.2")
  (Find 117)
  (Union 117 314 TRUE)
  (Find 136)
  (Find 104)
  (Union 136 104 TRUE)
  (NewSet "~85.03")
  (Find 102)
  (Union 102 315 TRUE)
  (NewSet "~312.2")
  (Find 101)
  (Union 101 316 TRUE)
  (Find 141)
  (Find 103)
  (Union 141 103 TRUE)
  (NewSet "~242.6")
  (Find 100)
  (Union 100 317 TRUE)
  (NewSet "~116")
  (Find 99)
  (Union 99 318 TRUE)
  (Find 135)
  (Find 86)
  (Union 135 86 TRUE)
  (NewSet "~137.8")
  (Find 84)
  (Union 84 319 TRUE)
  (NewSet "~325.5")
  (Find 83)
  (Union 83 320 TRUE)
  (Find 142)
  (Find 85)
  (Union 142 85 TRUE)
  (NewSet "~224.3")
  (Find 82)
  (Union 82 321 TRUE)
  (NewSet "~81.56")
  (Find 81)
  (Union 81 322 TRUE)
  (Find 134)
  (Find 68)
  (Union 134 68 TRUE)
  (NewSet "~212.6")
  (Find 66)
  (Union 66 323 TRUE)
  (NewSet "~315.7")
  (Find 65)
  (Union 65 324 TRUE)
  (Find 143)
  (Find 67)
  (Union 143 67 TRUE)
  (NewSet "~162")
  (Find 64)
  (Union 64 325 TRUE)
  (NewSet "~73.83")
  (Find 63)
  (Union 63 326 TRUE)
  (Find 133)
  (Find 50)
  (Union 133 50 TRUE)
  (NewSet "~244.1")
  (Find 48)
  (Union 48 327 TRUE)
  (NewSet "~278.4")
  (Find 47)
  (Union 47 328 TRUE)
  (Find 144)
  (Find 49)
  (Union 144 49 TRUE)
  (NewSet "~64.51")
  (Find 46)
  (Union 46 329 TRUE)
  (NewSet "~95.62")
  (Find 45)
  (Union 45 330 TRUE)
  (Find 135)
  (Find 30)
  (Union 135 30 TRUE)
  (Find 137)
  (Find 29)
  (Union 137 29 TRUE)
  (Find 120)
  (Find 26)
  (Union 120 26 TRUE)
  (Find 119)
  (Find 25)
  (Union 119 25 TRUE)
  (Find 84)
  (Find 28)
  (Union 84 28 TRUE)
  (Find 83)
  (Find 27)
  (Union 83 27 TRUE)
  (Find 135)
  (Find 36)
  (Union 135 36 TRUE)
  (Find 136)
  (Find 35)
  (Union 136 35 TRUE)
  (Find 102)
  (Find 32)
  (Union 102 32 TRUE)
  (Find 101)
  (Find 31)
  (Union 101 31 TRUE)
  (Find 84)
  (Find 34)
  (Union 84 34 TRUE)
  (Find 83)
  (Find 33)
  (Union 83 33 TRUE)
  (Find 5)
  (Find 10)
  (Find 17)
  (Find 3)
  (Find 9)
  (Find 16)
  (Find 17)
  (Find 14)
  (Find 15)
  (Find 1)
  (Find 16)
  (Find 0)
  (Find 15)
  (Find 4)
  (Find 13)
  (Find 14)
  (Find 2)
  (Find 8)
  (Find 0)
  (Find 4)
  (Find 8)
  (Find 1)
  (Find 2)
  (Find 13)
  (Find 12)
  (Find 8)
  (Find 10)
  (Find 11)
  (Find 13)
  (Find 9)
  (Find 20)
  (Find 23)
  (Find 22)
  (Find 51)
  (Find 47)
  (Find 37)
  (Find 69)
  (Find 65)
  (Find 55)
  (Find 87)
  (Find 83)
  (Find 73)
  (Find 105)
  (Find 101)
  (Find 91)
  (Find 123)
  (Find 119)
  (Find 109)
  (Find 34)
  (Find 24)
  (Find 32)
  (Find 33)
  (Find 23)
  (Find 31)
  (Find 28)
  (Find 22)
  (Find 26)
  (Find 27)
  (Find 21)
  (Find 25)
  (Find 20)
  (Find 24)
  (Find 21)
  (Find 46)
  (Find 44)
  (Find 48)
  (Find 45)
  (Find 43)
  (Find 47)
  (Find 42)
  (Find 54)
  (Find 44)
  (Find 41)
  (Find 52)
  (Find 43)
  (Find 40)
  (Find 54)
  (Find 43)
  (Find 39)
  (Find 52)
  (Find 44)
  (Find 42)
  (Find 38)
  (Find 41)
  (Find 37)
  (Find 40)
  (Find 39)
  (Find 53)
  (Find 48)
  (Find 38)
  (Find 64)
  (Find 62)
  (Find 66)
  (Find 63)
  (Find 61)
  (Find 65)
  (Find 60)
  (Find 72)
  (Find 62)
  (Find 59)
  (Find 70)
  (Find 61)
  (Find 58)
  (Find 72)
  (Find 61)
  (Find 57)
  (Find 70)
  (Find 62)
  (Find 60)
  (Find 56)
  (Find 59)
  (Find 55)
  (Find 58)
  (Find 57)
  (Find 71)
  (Find 66)
  (Find 56)
  (Find 82)
  (Find 80)
  (Find 84)
  (Find 81)
  (Find 79)
  (Find 83)
  (Find 78)
  (Find 90)
  (Find 80)
  (Find 77)
  (Find 88)
  (Find 79)
  (Find 76)
  (Find 90)
  (Find 79)
  (Find 75)
  (Find 88)
  (Find 80)
  (Find 78)
  (Find 74)
  (Find 77)
  (Find 73)
  (Find 76)
  (Find 75)
  (Find 89)
  (Find 84)
  (Find 74)
  (Find 100)
  (Find 98)
  (Find 102)
  (Find 99)
  (Find 97)
  (Find 101)
  (Find 96)
  (Find 108)
  (Find 98)
  (Find 95)
  (Find 106)
  (Find 97)
  (Find 94)
  (Find 108)
  (Find 97)
  (Find 93)
  (Find 106)
  (Find 98)
  (Find 96)
  (Find 92)
  (Find 95)
  (Find 91)
  (Find 94)
  (Find 93)
  (Find 107)
  (Find 102)
  (Find 92)
  (Find 118)
  (Find 116)
  (Find 120)
  (Find 117)
  (Find 115)
  (Find 119)
  (Find 114)
  (Find 18)
  (Find 116)
  (Find 113)
  (Find 124)
  (Find 115)
  (Find 112)
  (Find 18)
  (Find 115)
  (Find 111)
  (Find 124)
  (Find 116)
  (Find 114)
  (Find 110)
  (Find 113)
  (Find 109)
  (Find 112)
  (Find 111)
  (Find 19)
  (Find 120)
  (Find 110)
  (Find 56)
  (Find 71)
  (Find 66)
  (Find 62)
  (Find 64)
  (Find 66)
  (Find 57)
  (Find 70)
  (Find 62)
  (Find 60)
  (Find 72)
  (Find 62)
  (Find 59)
  (Find 60)
  (Find 56)
  (Find 61)
  (Find 70)
  (Find 61)
  (Find 59)
  (Find 38)
  (Find 53)
  (Find 48)
  (Find 44)
  (Find 46)
  (Find 48)
  (Find 39)
  (Find 52)
  (Find 44)
  (Find 42)
  (Find 54)
  (Find 44)
  (Find 41)
  (Find 42)
  (Find 38)
  (Find 43)
  (Find 52)
  (Find 43)
  (Find 41)
  (Find 110)
  (Find 19)
  (Find 120)
  (Find 116)
  (Find 118)
  (Find 120)
  (Find 111)
  (Find 124)
  (Find 116)
  (Find 114)
  (Find 18)
  (Find 116)
  (Find 113)
  (Find 114)
  (Find 110)
  (Find 115)
  (Find 124)
  (Find 115)
  (Find 113)
  (Find 92)
  (Find 107)
  (Find 102)
  (Find 98)
  (Find 100)
  (Find 102)
  (Find 93)
  (Find 106)
  (Find 98)
  (Find 96)
  (Find 108)
  (Find 98)
  (Find 95)
  (Find 96)
  (Find 92)
  (Find 97)
  (Find 106)
  (Find 97)
  (Find 95)
  (Find 74)
  (Find 89)
  (Find 84)
  (Find 80)
  (Find 82)
  (Find 84)
  (Find 22)
  (Find 28)
  (Find 26)
  (Find 24)
  (Find 34)
  (Find 32)
  (Find 75)
  (Find 88)
  (Find 80)
  (Find 78)
  (Find 90)
  (Find 80)
  (Find 77)
  (Find 78)
  (Find 74)
  (Find 79)
  (Find 88)
  (Find 79)
  (Find 77)
  (Find 115)
  (Find 117)
  (Find 119)
  (Find 109)
  (Find 123)
  (Find 119)
  (Find 112)
  (Find 109)
  (Find 111)
  (Find 115)
  (Find 18)
  (Find 115)
  (Find 112)
  (Find 97)
  (Find 99)
  (Find 101)
  (Find 91)
  (Find 105)
  (Find 101)
  (Find 94)
  (Find 91)
  (Find 93)
  (Find 97)
  (Find 108)
  (Find 97)
  (Find 94)
  (Find 79)
  (Find 81)
  (Find 83)
  (Find 21)
  (Find 27)
  (Find 25)
  (Find 23)
  (Find 33)
  (Find 31)
  (Find 73)
  (Find 87)
  (Find 83)
  (Find 76)
  (Find 73)
  (Find 75)
  (Find 79)
  (Find 90)
  (Find 79)
  (Find 76)
  (Find 20)
  (Find 23)
  (Find 22)
  (Find 21)
  (Find 24)
  (Find 21)
  (Find 20)
  (Find 61)
  (Find 63)
  (Find 65)
  (Find 55)
  (Find 69)
  (Find 65)
  (Find 58)
  (Find 55)
  (Find 57)
  (Find 61)
  (Find 72)
  (Find 61)
  (Find 58)
  (Find 43)
  (Find 45)
  (Find 47)
  (Find 37)
  (Find 51)
  (Find 47)
  (Find 40)
  (Find 37)
  (Find 39)
  (Find 43)
  (Find 54)
  (Find 43)
  (Find 40)
  (Find 13)
  (Find 11)
  (Find 9)
  (Find 16)
  (Find 3)
  (Find 9)
  (Find 1)
  (Find 2)
  (Find 13)
  (Find 15)
  (Find 4)
  (Find 13)
  (Find 0)
  (Find 1)
  (Find 16)
  (Find 8)
  (Find 4)
  (Find 8)
  (Find 0)
  (Find 8)
  (Find 12)
  (Find 10)
  (Find 17)
  (Find 5)
  (Find 10)
  (Find 14)
  (Find 17)
  (Find 15)
  (Find 8)
  (Find 2)
  (Find 8)
  (Find 14)
  (Find 10)
  (Find 10)
  (Find 17)
  (Find 17)
  (Find 9)
  (Find 9)
  (Find 16)
  (Find 16)
  (Find 14)
  (Find 14)
  (Find 15)
  (Find 15)
  (Find 1)
  (Find 1)
  (Find 0)
  (Find 0)
  (Find 13)
  (Find 13)
  (Find 8)
  (Find 8)
  (Find 12)
  (Find 12)
  (Find 11)
  (Find 11)
  (Find 132)
  (Find 132)
  (Find 135)
  (Find 135)
  (Find 84)
  (Find 84)
  (Find 83)
  (Find 83)
  (Find 137)
  (Find 137)
  (Find 120)
  (Find 120)
  (Find 119)
  (Find 119)
  (Find 131)
  (Find 131)
  (Find 135)
  (Find 135)
  (Find 136)
  (Find 136)
  (Find 102)
  (Find 102)
  (Find 101)
  (Find 101)
  (Find 130)
  (Find 130)
  (Find 133)
  (Find 133)
  (Find 48)
  (Find 48)
  (Find 47)
  (Find 47)
  (Find 144)
  (Find 144)
  (Find 46)
  (Find 46)
  (Find 45)
  (Find 45)
  (Find 129)
  (Find 129)
  (Find 134)
  (Find 134)
  (Find 66)
  (Find 66)
  (Find 65)
  (Find 65)
  (Find 143)
  (Find 143)
  (Find 64)
  (Find 64)
  (Find 63)
  (Find 63)
  (Find 128)
  (Find 128)
  (Find 135)
  (Find 135)
  (Find 142)
  (Find 142)
  (Find 82)
  (Find 82)
  (Find 81)
  (Find 81)
  (Find 127)
  (Find 127)
  (Find 136)
  (Find 136)
  (Find 141)
  (Find 141)
  (Find 100)
  (Find 100)
  (Find 99)
  (Find 99)
  (Find 126)
  (Find 126)
  (Find 137)
  (Find 137)
  (Find 140)
  (Find 140)
  (Find 118)
  (Find 118)
  (Find 117)
  (Find 117)
  (Find 125)
  (Find 125)
  (Find 138)
  (Find 138)
  (Find 9)
  (Find 9)
  (Find 10)
  (Find 10)
  (Find 139)
  (Find 139)
  (Find 11)
  (Find 11)
  (Find 12)
  (Find 12)
  (Find 20)
  (Find 20)
  (Find 23)
  (Find 23)
  (Find 22)
  (Find 22)
  (Find 37)
  (Find 37)
  (Find 55)
  (Find 55)
  (Find 73)
  (Find 73)
  (Find 91)
  (Find 91)
  (Find 109)
  (Find 109)
  (Find 36)
  (Find 135)
  (Find 35)
  (Find 136)
  (Find 36)
  (Find 135)
  (Find 34)
  (Find 84)
  (Find 33)
  (Find 83)
  (Find 35)
  (Find 136)
  (Find 32)
  (Find 102)
  (Find 31)
  (Find 101)
  (Find 30)
  (Find 135)
  (Find 29)
  (Find 137)
  (Find 30)
  (Find 135)
  (Find 28)
  (Find 84)
  (Find 27)
  (Find 83)
  (Find 29)
  (Find 137)
  (Find 26)
  (Find 120)
  (Find 25)
  (Find 119)
  (Find 34)
  (Find 84)
  (Find 24)
  (Find 24)
  (Find 32)
  (Find 102)
  (Find 33)
  (Find 83)
  (Find 31)
  (Find 101)
  (Find 28)
  (Find 84)
  (Find 26)
  (Find 120)
  (Find 27)
  (Find 83)
  (Find 21)
  (Find 21)
  (Find 25)
  (Find 119)
  (Find 50)
  (Find 133)
  (Find 49)
  (Find 144)
  (Find 50)
  (Find 133)
  (Find 49)
  (Find 144)
  (Find 44)
  (Find 44)
  (Find 43)
  (Find 43)
  (Find 42)
  (Find 42)
  (Find 41)
  (Find 41)
  (Find 40)
  (Find 40)
  (Find 39)
  (Find 39)
  (Find 38)
  (Find 38)
  (Find 68)
  (Find 134)
  (Find 67)
  (Find 143)
  (Find 68)
  (Find 134)
  (Find 67)
  (Find 143)
  (Find 62)
  (Find 62)
  (Find 61)
  (Find 61)
  (Find 60)
  (Find 60)
  (Find 59)
  (Find 59)
  (Find 58)
  (Find 58)
  (Find 57)
  (Find 57)
  (Find 56)
  (Find 56)
  (Find 86)
  (Find 135)
  (Find 85)
  (Find 142)
  (Find 86)
  (Find 135)
  (Find 85)
  (Find 142)
  (Find 80)
  (Find 80)
  (Find 79)
  (Find 79)
  (Find 78)
  (Find 78)
  (Find 77)
  (Find 77)
  (Find 76)
  (Find 76)
  (Find 75)
  (Find 75)
  (Find 74)
  (Find 74)
  (Find 104)
  (Find 136)
  (Find 103)
  (Find 141)
  (Find 104)
  (Find 136)
  (Find 103)
  (Find 141)
  (Find 98)
  (Find 98)
  (Find 97)
  (Find 97)
  (Find 96)
  (Find 96)
  (Find 95)
  (Find 95)
  (Find 94)
  (Find 94)
  (Find 93)
  (Find 93)
  (Find 92)
  (Find 92)
  (Find 122)
  (Find 137)
  (Find 121)
  (Find 140)
  (Find 122)
  (Find 137)
  (Find 121)
  (Find 140)
  (Find 116)
  (Find 116)
  (Find 115)
  (Find 115)
  (Find 114)
  (Find 114)
  (Find 113)
  (Find 113)
  (Find 112)
  (Find 112)
  (Find 111)
  (Find 111)
  (Find 110)
  (Find 110)
  (Find 6)
  (Find 138)
  (Find 7)
  (Find 139)
  (Find 6)
  (Find 138)
  (Find 7)
  (Find 139)
)
