( ; create sets
  (NewSet "a")
  (NewSet "b")
  (NewSet "c")
  (NewSet "d")
  (NewSet "e")
  (NewSet "f")
  (NewSet "g")
  (NewSet "h")
  (NewSet "i")
  (NewSet "j")
  (NewSet "k")
  (NewSet "l")
  (NewSet "m")
  (NewSet "n")
  (NewSet "o")
  (NewSet "p")
  (NewSet "q")
  (NewSet "r")
  (NewSet "s")
  (NewSet "t")
  (NewSet "u")
  (NewSet "v")
  (NewSet "w")
  (NewSet "x")
  (NewSet "y")
  (NewSet "z")
  (NewSet "a")
  (NewSet "b1")
  (NewSet "c1")
  (NewSet "d1")
  (NewSet "e1")
  (NewSet "f1")
  (NewSet "g1")
  (NewSet "h1")
  (NewSet "i1")
  (NewSet "j1")
  (NewSet "k1")
  (NewSet "l1")
  (NewSet "m1")
  (NewSet "n1")
  (NewSet "o1")
  (NewSet "p1")
  (NewSet "q1")
  (NewSet "r1")
  (NewSet "s1")
  (NewSet "t1")
  (NewSet "u1")
  (NewSet "v1")
  (NewSet "w1")
  (NewSet "x1")
  (NewSet "y1")
  (NewSet "z1")
  (NewSet "a2")
  (NewSet "b2")
  (NewSet "c2")
  (NewSet "d2")
  (NewSet "e2")
  (NewSet "f2")
  (NewSet "g2")
  (NewSet "h2")
  (NewSet "i2")
  (NewSet "j2")
  (NewSet "k2")
  (NewSet "l2")
  (NewSet "m2")
  (NewSet "n2")
  (NewSet "o2")
  (NewSet "p2")
  (NewSet "q2")
  (NewSet "r2")
  (NewSet "s2")
  (NewSet "t2")
  (NewSet "u2")
  (NewSet "v2")
  (NewSet "w2")
  (NewSet "x2")
  (NewSet "y2")
  (NewSet "z2")
  (NewSet "a3")
  (NewSet "b3")
  (NewSet "c3")
  (NewSet "d3")
  (NewSet "e3")
  (NewSet "f3")
  (NewSet "g3")
  (NewSet "h3")
  (NewSet "i3")
  (NewSet "j3")
  (NewSet "k3")
  (NewSet "l3")
  (NewSet "m3")
  (NewSet "n3")
  (NewSet "o3")
  (NewSet "p3")
  (NewSet "q3")
  (NewSet "r3")
  (NewSet "s3")
  (NewSet "t3")
  (NewSet "u3")
  (NewSet "v3")
  (NewSet "w3")
  (NewSet "x3")
  (NewSet "y3")
  (NewSet "z3")
  (NewSet "a4")
  (NewSet "b4")
  (NewSet "c4")
  (NewSet "d4")
  (NewSet "e4")
  (NewSet "f4")
  (NewSet "g4")
  (NewSet "h4")
  (NewSet "i4")
  (NewSet "j4")
  (NewSet "k4")
  (NewSet "l4")
  (NewSet "m4")
  (NewSet "n4")
  (NewSet "o4")
  (NewSet "p4")
  (NewSet "q4")
  (NewSet "r4")
  (NewSet "s4")
  (NewSet "t4")
  (NewSet "u4")
  (NewSet "v4")
  (NewSet "w4")
  (NewSet "x4")
  (NewSet "y4")
  (NewSet "z4")
  (NewSet "a5")
  (NewSet "b5")
  (NewSet "c5")
  (NewSet "d5")
  (NewSet "e5")
  (NewSet "f5")
  (NewSet "g5")
  (NewSet "h5")
  (NewSet "i5")
  (NewSet "j5")
  (NewSet "k5")
  (NewSet "l5")
  (NewSet "m5")
  (NewSet "n5")
  (NewSet "o5")
  (NewSet "p5")
  (NewSet "q5")
  (NewSet "r5")
  (NewSet "s5")
  (NewSet "t5")
  (NewSet "u5")
  (NewSet "v5")
  (NewSet "w5")
  (NewSet "x5")
  (NewSet "y5")
  (NewSet "z5")
  (NewSet "a6")
  (NewSet "b6")
  (NewSet "c6")
  (NewSet "d6")
  (NewSet "e6")
  (NewSet "f6")
  (NewSet "g6")
  (NewSet "h6")
  (NewSet "i6")
  (NewSet "j6")
  (NewSet "k6")
  (NewSet "l6")
  (NewSet "m6")
  (NewSet "n6")
  (NewSet "o6")
  (NewSet "p6")
  (NewSet "q6")
  (NewSet "r6")
  (NewSet "s6")
  (NewSet "t6")
  (NewSet "u6")
  (NewSet "v6")
  (NewSet "w6")
  (NewSet "x6")
  (NewSet "y6")
  (NewSet "z6")
  (NewSet "a7")
  (NewSet "b7")
  (NewSet "c7")
  (NewSet "d7")
  (NewSet "e7")
  (NewSet "f7")
  (NewSet "g7")
  (NewSet "h7")
  (NewSet "i7")
  (NewSet "j7")
  (NewSet "k7")
  (NewSet "l7")
  (NewSet "m7")
  (NewSet "n7")
  (NewSet "o7")
  (NewSet "p7")
  (NewSet "q7")
  (NewSet "r7")
  (NewSet "s7")
  (NewSet "t7")
  (NewSet "u7")
  (NewSet "v7")
  (NewSet "w7")
  (NewSet "x7")
  (NewSet "y7")
  (NewSet "z7")
  (NewSet "a8")
  (NewSet "b8")
  (NewSet "c8")
  (NewSet "d8")
  (NewSet "e8")
  (NewSet "f8")
  (NewSet "g8")
  (NewSet "h8")
  (NewSet "i8")
  (NewSet "j8")
  (NewSet "k8")
  (NewSet "l8")
  (NewSet "m8")
  (NewSet "n8")
  (NewSet "o8")
  (NewSet "p8")
  (NewSet "q8")
  (NewSet "r8")
  (NewSet "s8")
  (NewSet "t8")
  (NewSet "u8")
  (NewSet "v8")
  (NewSet "w8")
  (NewSet "x8")
  (NewSet "y8")
  (NewSet "z8")
  (NewSet "a9")
  (NewSet "b9")
  (NewSet "c9")
  (NewSet "d9")
  (NewSet "e9")
  (NewSet "f9")
  (NewSet "g9")
  (NewSet "h9")
  (NewSet "i9")
  (NewSet "j9")
  (NewSet "k9")
  (NewSet "l9")
  (NewSet "m9")
  (NewSet "n9")
  (NewSet "o9")
  (NewSet "p9")
  (NewSet "q9")
  (NewSet "r9")
  (NewSet "s9")
  (NewSet "t9")
  (NewSet "u9")
  (NewSet "v9")
  (NewSet "w9")
  (NewSet "f+g")
  (Find 7)
  (Union 7 257 TRUE)
  (NewSet "d+e")
  (Find 7)
  (Union 7 258 TRUE)
  (NewSet "c*c")
  (Find 6)
  (Union 6 259 TRUE)
  (NewSet "b*b")
  (Find 5)
  (Union 5 260 TRUE)
  (NewSet "a*a")
  (Find 4)
  (Union 4 261 TRUE)
  (NewSet "r*r")
  (Find 3)
  (Union 3 262 TRUE)
  (NewSet "c+t")
  (Find 21)
  (Union 21 263 TRUE)
  (NewSet "b+s")
  (Find 20)
  (Union 20 264 TRUE)
  (NewSet "a+b1")
  (Find 25)
  (Union 25 265 TRUE)
  (NewSet "(b9,i9)")
  (Find 234)
  (Union 234 266 TRUE)
  (NewSet "~(98.88, 206.5)")
  (Find 235)
  (Union 235 267 TRUE)
  (NewSet "~(108.7, 243.1)")
  (Find 242)
  (Union 242 268 TRUE)
  (NewSet "(f9,e9)")
  (Find 233)
  (Union 233 269 TRUE)
  (NewSet "~(155.1, 415.5)")
  (Find 239)
  (Union 239 270 TRUE)
  (NewSet "~(238.8, 104.4)")
  (Find 238)
  (Union 238 271 TRUE)
  (NewSet "(d9,g9)")
  (Find 232)
  (Union 232 272 TRUE)
  (NewSet "~(201, 104.4)")
  (Find 237)
  (Union 237 273 TRUE)
  (NewSet "~(117.3, 415.5)")
  (Find 240)
  (Union 240 274 TRUE)
  (NewSet "(d9,j9)")
  (Find 231)
  (Union 231 275 TRUE)
  (NewSet "~(201, 104.4)")
  (Find 237)
  (Union 237 276 TRUE)
  (NewSet "~(136.2, 345.2)")
  (Find 243)
  (Union 243 277 TRUE)
  (NewSet "(f1,e1)")
  (Find 237)
  (Union 237 278 TRUE)
  (NewSet "~201")
  (Find 31)
  (Union 31 279 TRUE)
  (NewSet "~104.4")
  (Find 30)
  (Union 30 280 TRUE)
  (NewSet "(i1,h1)")
  (Find 238)
  (Union 238 281 TRUE)
  (NewSet "~238.8")
  (Find 34)
  (Union 34 282 TRUE)
  (NewSet "~104.4")
  (Find 33)
  (Union 33 283 TRUE)
  (NewSet "(l1,k1)")
  (Find 236)
  (Union 236 284 TRUE)
  (NewSet "~173.5")
  (Find 37)
  (Union 37 285 TRUE)
  (NewSet "~206.5")
  (Find 36)
  (Union 36 286 TRUE)
  (NewSet "(o1,n1)")
  (Find 241)
  (Union 241 287 TRUE)
  (NewSet "~163.7")
  (Find 40)
  (Union 40 288 TRUE)
  (NewSet "~243.1")
  (Find 39)
  (Union 39 289 TRUE)
  (NewSet "(r1,q1)")
  (Find 239)
  (Union 239 290 TRUE)
  (NewSet "~155.1")
  (Find 43)
  (Union 43 291 TRUE)
  (NewSet "~415.5")
  (Find 42)
  (Union 42 292 TRUE)
  (NewSet "v1+u1")
  (Find 45)
  (Union 45 293 TRUE)
  (NewSet "q2+p2")
  (Find 66)
  (Union 66 294 TRUE)
  (NewSet "m3*l3")
  (Find 87)
  (Union 87 295 TRUE)
  (NewSet "d4*c4")
  (Find 104)
  (Union 104 296 TRUE)
  (NewSet "u4*t4")
  (Find 121)
  (Union 121 297 TRUE)
  (NewSet "l5*k5")
  (Find 138)
  (Union 138 298 TRUE)
  (NewSet "c6*b6")
  (Find 155)
  (Union 155 299 TRUE)
  (NewSet "t6*s6")
  (Find 172)
  (Union 172 300 TRUE)
  (NewSet "k7*j7")
  (Find 189)
  (Union 189 301 TRUE)
  (NewSet "b8*a8")
  (Find 206)
  (Union 206 302 TRUE)
  (NewSet "(k9,g9)")
  (Find 230)
  (Union 230 303 TRUE)
  (NewSet "~(33.56, 104.4)")
  (Find 244)
  (Union 244 304 TRUE)
  (NewSet "~(117.3, 415.5)")
  (Find 240)
  (Union 240 305 TRUE)
  (NewSet "(f9,e9)")
  (Find 229)
  (Union 229 306 TRUE)
  (NewSet "~(155.1, 415.5)")
  (Find 239)
  (Union 239 307 TRUE)
  (NewSet "~(238.8, 104.4)")
  (Find 238)
  (Union 238 308 TRUE)
  (NewSet "(l9,b9)")
  (Find 228)
  (Union 228 309 TRUE)
  (NewSet "~(71.39, 104.4)")
  (Find 245)
  (Union 245 310 TRUE)
  (NewSet "~(98.88, 206.5)")
  (Find 235)
  (Union 235 311 TRUE)
  (NewSet "(i9,j9)")
  (Find 227)
  (Union 227 312 TRUE)
  (NewSet "~(108.7, 243.1)")
  (Find 242)
  (Union 242 313 TRUE)
  (NewSet "~(136.2, 345.2)")
  (Find 243)
  (Union 243 314 TRUE)
  (NewSet "(g9,m9)")
  (Find 226)
  (Union 226 315 TRUE)
  (NewSet "~(117.3, 415.5)")
  (Find 240)
  (Union 240 316 TRUE)
  (NewSet "~(33.56, 104.4)")
  (Find 246)
  (Union 246 317 TRUE)
  (NewSet "(n9,b9)")
  (Find 225)
  (Union 225 318 TRUE)
  (NewSet "~(71.39, 104.4)")
  (Find 247)
  (Union 247 319 TRUE)
  (NewSet "~(98.88, 206.5)")
  (Find 235)
  (Union 235 320 TRUE)
  (NewSet "(g9,o9)")
  (Find 224)
  (Union 224 321 TRUE)
  (NewSet "~(117.3, 415.5)")
  (Find 240)
  (Union 240 322 TRUE)
  (NewSet "~(33.56, 104.4)")
  (Find 248)
  (Union 248 323 TRUE)
  (NewSet "(p9,i9)")
  (Find 223)
  (Union 223 324 TRUE)
  (NewSet "~(71.39, 104.4)")
  (Find 249)
  (Union 249 325 TRUE)
  (NewSet "~(108.7, 243.1)")
  (Find 242)
  (Union 242 326 TRUE)
  (NewSet "(g9,q9)")
  (Find 222)
  (Union 222 327 TRUE)
  (NewSet "~(117.3, 415.5)")
  (Find 240)
  (Union 240 328 TRUE)
  (NewSet "~(33.56, 104.4)")
  (Find 250)
  (Union 250 329 TRUE)
  (NewSet "(r9,j9)")
  (Find 221)
  (Union 221 330 TRUE)
  (NewSet "~(71.39, 104.4)")
  (Find 251)
  (Union 251 331 TRUE)
  (NewSet "~(136.2, 345.2)")
  (Find 243)
  (Union 243 332 TRUE)
  (NewSet "(g9,s9)")
  (Find 220)
  (Union 220 333 TRUE)
  (NewSet "~(117.3, 415.5)")
  (Find 240)
  (Union 240 334 TRUE)
  (NewSet "~(33.56, 104.4)")
  (Find 252)
  (Union 252 335 TRUE)
  (NewSet "(t9,f9)")
  (Find 219)
  (Union 219 336 TRUE)
  (NewSet "~(71.39, 104.4)")
  (Find 253)
  (Union 253 337 TRUE)
  (NewSet "~(155.1, 415.5)")
  (Find 239)
  (Union 239 338 TRUE)
  (NewSet "(f9,e9)")
  (Find 218)
  (Union 218 339 TRUE)
  (NewSet "~(155.1, 415.5)")
  (Find 239)
  (Union 239 340 TRUE)
  (NewSet "~(238.8, 104.4)")
  (Find 238)
  (Union 238 341 TRUE)
  (NewSet "(d9,c9)")
  (Find 217)
  (Union 217 342 TRUE)
  (NewSet "~(201, 104.4)")
  (Find 237)
  (Union 237 343 TRUE)
  (NewSet "~(173.5, 206.5)")
  (Find 236)
  (Union 236 344 TRUE)
  (NewSet "(f9,e9)")
  (Find 216)
  (Union 216 345 TRUE)
  (NewSet "~(155.1, 415.5)")
  (Find 239)
  (Union 239 346 TRUE)
  (NewSet "~(238.8, 104.4)")
  (Find 238)
  (Union 238 347 TRUE)
  (NewSet "(d9,h9)")
  (Find 215)
  (Union 215 348 TRUE)
  (NewSet "~(201, 104.4)")
  (Find 237)
  (Union 237 349 TRUE)
  (NewSet "~(163.7, 243.1)")
  (Find 241)
  (Union 241 350 TRUE)
  (NewSet "(f9,e9)")
  (Find 214)
  (Union 214 351 TRUE)
  (NewSet "~(155.1, 415.5)")
  (Find 239)
  (Union 239 352 TRUE)
  (NewSet "~(238.8, 104.4)")
  (Find 238)
  (Union 238 353 TRUE)
  (Find 32)
  (Find 31)
  (Find 30)
  (NewSet "(g1,e1)")
  (Find 254)
  (Union 254 354 TRUE)
  (NewSet "33.56")
  (Find 32)
  (Union 32 355 TRUE)
  (NewSet "104.4")
  (Find 30)
  (Union 30 356 TRUE)
  (Find 35)
  (Find 34)
  (Find 33)
  (NewSet "(j1,h1)")
  (Find 255)
  (Union 255 357 TRUE)
  (NewSet "33.56")
  (Find 35)
  (Union 35 358 TRUE)
  (NewSet "104.4")
  (Find 33)
  (Union 33 359 TRUE)
  (Find 38)
  (Find 37)
  (Find 36)
  (NewSet "(m1,k1)")
  (Find 235)
  (Union 235 360 TRUE)
  (NewSet "~98.88")
  (Find 38)
  (Union 38 361 TRUE)
  (NewSet "~206.5")
  (Find 36)
  (Union 36 362 TRUE)
  (Find 41)
  (Find 40)
  (Find 39)
  (NewSet "(p1,n1)")
  (Find 242)
  (Union 242 363 TRUE)
  (NewSet "~108.7")
  (Find 41)
  (Union 41 364 TRUE)
  (NewSet "~243.1")
  (Find 39)
  (Union 39 365 TRUE)
  (Find 44)
  (Find 43)
  (Find 42)
  (NewSet "(s1,q1)")
  (Find 240)
  (Union 240 366 TRUE)
  (NewSet "~117.3")
  (Find 44)
  (Union 44 367 TRUE)
  (NewSet "~415.5")
  (Find 42)
  (Union 42 368 TRUE)
  (NewSet "(n2,m2)")
  (Find 230)
  (Union 230 369 TRUE)
  (NewSet "(l2,k2)")
  (Find 65)
  (Union 65 370 TRUE)
  (NewSet "(j2,i2)")
  (Find 64)
  (Union 64 371 TRUE)
  (NewSet "(h2,g2)")
  (Find 229)
  (Union 229 372 TRUE)
  (NewSet "(f2,e2)")
  (Find 59)
  (Union 59 373 TRUE)
  (NewSet "(d2,c2)")
  (Find 58)
  (Union 58 374 TRUE)
  (NewSet "b2+j2")
  (Find 63)
  (Union 63 375 TRUE)
  (NewSet "a2+i2")
  (Find 62)
  (Union 62 376 TRUE)
  (NewSet "z1+d2")
  (Find 57)
  (Union 57 377 TRUE)
  (NewSet "y1+c2")
  (Find 56)
  (Union 56 378 TRUE)
  (NewSet "b2*b2")
  (Find 49)
  (Union 49 379 TRUE)
  (NewSet "a2*a2")
  (Find 48)
  (Union 48 380 TRUE)
  (NewSet "z1*z1")
  (Find 47)
  (Union 47 381 TRUE)
  (NewSet "y1*y1")
  (Find 46)
  (Union 46 382 TRUE)
  (NewSet "x1+w1")
  (Find 45)
  (Union 45 383 TRUE)
  (NewSet "(i3,h3)")
  (Find 228)
  (Union 228 384 TRUE)
  (NewSet "(g3,f3)")
  (Find 86)
  (Union 86 385 TRUE)
  (NewSet "(e3,d3)")
  (Find 85)
  (Union 85 386 TRUE)
  (NewSet "(c3,b3)")
  (Find 227)
  (Union 227 387 TRUE)
  (NewSet "(a3,z2)")
  (Find 80)
  (Union 80 388 TRUE)
  (NewSet "(y2,x2)")
  (Find 79)
  (Union 79 389 TRUE)
  (NewSet "w2+e3")
  (Find 84)
  (Union 84 390 TRUE)
  (NewSet "v2+d3")
  (Find 83)
  (Union 83 391 TRUE)
  (NewSet "u2+y2")
  (Find 78)
  (Union 78 392 TRUE)
  (NewSet "t2+x2")
  (Find 77)
  (Union 77 393 TRUE)
  (NewSet "w2*w2")
  (Find 70)
  (Union 70 394 TRUE)
  (NewSet "v2*v2")
  (Find 69)
  (Union 69 395 TRUE)
  (NewSet "u2*u2")
  (Find 68)
  (Union 68 396 TRUE)
  (NewSet "t2*t2")
  (Find 67)
  (Union 67 397 TRUE)
  (NewSet "s2+r2")
  (Find 66)
  (Union 66 398 TRUE)
  (NewSet "(z3,y3)")
  (Find 226)
  (Union 226 399 TRUE)
  (NewSet "(x3,w3)")
  (Find 103)
  (Union 103 400 TRUE)
  (NewSet "(v3,u3)")
  (Find 102)
  (Union 102 401 TRUE)
  (NewSet "(t3,s3)")
  (Find 225)
  (Union 225 402 TRUE)
  (NewSet "(r3,q3)")
  (Find 97)
  (Union 97 403 TRUE)
  (NewSet "(p3,o3)")
  (Find 96)
  (Union 96 404 TRUE)
  (NewSet "n3+v3")
  (Find 101)
  (Union 101 405 TRUE)
  (NewSet "m3+u3")
  (Find 100)
  (Union 100 406 TRUE)
  (NewSet "l3+p3")
  (Find 95)
  (Union 95 407 TRUE)
  (NewSet "k3+o3")
  (Find 94)
  (Union 94 408 TRUE)
  (NewSet "n3*k3")
  (Find 87)
  (Union 87 409 TRUE)
  (NewSet "(q4,p4)")
  (Find 224)
  (Union 224 410 TRUE)
  (NewSet "(o4,n4)")
  (Find 120)
  (Union 120 411 TRUE)
  (NewSet "(m4,l4)")
  (Find 119)
  (Union 119 412 TRUE)
  (NewSet "(k4,j4)")
  (Find 223)
  (Union 223 413 TRUE)
  (NewSet "(i4,h4)")
  (Find 114)
  (Union 114 414 TRUE)
  (NewSet "(g4,f4)")
  (Find 113)
  (Union 113 415 TRUE)
  (NewSet "e4+m4")
  (Find 118)
  (Union 118 416 TRUE)
  (NewSet "d4+l4")
  (Find 117)
  (Union 117 417 TRUE)
  (NewSet "c4+g4")
  (Find 112)
  (Union 112 418 TRUE)
  (NewSet "b4+f4")
  (Find 111)
  (Union 111 419 TRUE)
  (NewSet "e4*b4")
  (Find 104)
  (Union 104 420 TRUE)
  (NewSet "(h5,g5)")
  (Find 222)
  (Union 222 421 TRUE)
  (NewSet "(f5,e5)")
  (Find 137)
  (Union 137 422 TRUE)
  (NewSet "(d5,c5)")
  (Find 136)
  (Union 136 423 TRUE)
  (NewSet "(b5,a5)")
  (Find 221)
  (Union 221 424 TRUE)
  (NewSet "(z4,y4)")
  (Find 131)
  (Union 131 425 TRUE)
  (NewSet "(x4,w4)")
  (Find 130)
  (Union 130 426 TRUE)
  (NewSet "v4+d5")
  (Find 135)
  (Union 135 427 TRUE)
  (NewSet "u4+c5")
  (Find 134)
  (Union 134 428 TRUE)
  (NewSet "t4+x4")
  (Find 129)
  (Union 129 429 TRUE)
  (NewSet "s4+w4")
  (Find 128)
  (Union 128 430 TRUE)
  (NewSet "v4*s4")
  (Find 121)
  (Union 121 431 TRUE)
  (NewSet "(y5,x5)")
  (Find 220)
  (Union 220 432 TRUE)
  (NewSet "(w5,v5)")
  (Find 154)
  (Union 154 433 TRUE)
  (NewSet "(u5,t5)")
  (Find 153)
  (Union 153 434 TRUE)
  (NewSet "(s5,r5)")
  (Find 219)
  (Union 219 435 TRUE)
  (NewSet "(q5,p5)")
  (Find 148)
  (Union 148 436 TRUE)
  (NewSet "(o5,n5)")
  (Find 147)
  (Union 147 437 TRUE)
  (NewSet "m5+u5")
  (Find 152)
  (Union 152 438 TRUE)
  (NewSet "l5+t5")
  (Find 151)
  (Union 151 439 TRUE)
  (NewSet "k5+o5")
  (Find 146)
  (Union 146 440 TRUE)
  (NewSet "j5+n5")
  (Find 145)
  (Union 145 441 TRUE)
  (NewSet "m5*j5")
  (Find 138)
  (Union 138 442 TRUE)
  (NewSet "(p6,o6)")
  (Find 218)
  (Union 218 443 TRUE)
  (NewSet "(n6,m6)")
  (Find 171)
  (Union 171 444 TRUE)
  (NewSet "(l6,k6)")
  (Find 170)
  (Union 170 445 TRUE)
  (NewSet "(j6,i6)")
  (Find 217)
  (Union 217 446 TRUE)
  (NewSet "(h6,g6)")
  (Find 165)
  (Union 165 447 TRUE)
  (NewSet "(f6,e6)")
  (Find 164)
  (Union 164 448 TRUE)
  (NewSet "d6+l6")
  (Find 169)
  (Union 169 449 TRUE)
  (NewSet "c6+k6")
  (Find 168)
  (Union 168 450 TRUE)
  (NewSet "b6+f6")
  (Find 163)
  (Union 163 451 TRUE)
  (NewSet "a6+e6")
  (Find 162)
  (Union 162 452 TRUE)
  (NewSet "d6*a6")
  (Find 155)
  (Union 155 453 TRUE)
  (NewSet "(g7,f7)")
  (Find 216)
  (Union 216 454 TRUE)
  (NewSet "(e7,d7)")
  (Find 188)
  (Union 188 455 TRUE)
  (NewSet "(c7,b7)")
  (Find 187)
  (Union 187 456 TRUE)
  (NewSet "(a7,z6)")
  (Find 215)
  (Union 215 457 TRUE)
  (NewSet "(y6,x6)")
  (Find 182)
  (Union 182 458 TRUE)
  (NewSet "(w6,v6)")
  (Find 181)
  (Union 181 459 TRUE)
  (NewSet "u6+c7")
  (Find 186)
  (Union 186 460 TRUE)
  (NewSet "t6+b7")
  (Find 185)
  (Union 185 461 TRUE)
  (NewSet "s6+w6")
  (Find 180)
  (Union 180 462 TRUE)
  (NewSet "r6+v6")
  (Find 179)
  (Union 179 463 TRUE)
  (NewSet "u6*r6")
  (Find 172)
  (Union 172 464 TRUE)
  (NewSet "(x7,w7)")
  (Find 214)
  (Union 214 465 TRUE)
  (NewSet "(v7,u7)")
  (Find 205)
  (Union 205 466 TRUE)
  (NewSet "(t7,s7)")
  (Find 204)
  (Union 204 467 TRUE)
  (NewSet "(r7,q7)")
  (Find 231)
  (Union 231 468 TRUE)
  (NewSet "(p7,o7)")
  (Find 199)
  (Union 199 469 TRUE)
  (NewSet "(n7,m7)")
  (Find 198)
  (Union 198 470 TRUE)
  (NewSet "l7+t7")
  (Find 203)
  (Union 203 471 TRUE)
  (NewSet "k7+s7")
  (Find 202)
  (Union 202 472 TRUE)
  (NewSet "j7+n7")
  (Find 197)
  (Union 197 473 TRUE)
  (NewSet "i7+m7")
  (Find 196)
  (Union 196 474 TRUE)
  (NewSet "l7*i7")
  (Find 189)
  (Union 189 475 TRUE)
  (NewSet "(i,j)")
  (Find 233)
  (Union 233 476 TRUE)
  (NewSet "(k,l)")
  (Find 8)
  (Union 8 477 TRUE)
  (NewSet "(m,n)")
  (Find 9)
  (Union 9 478 TRUE)
  (NewSet "(o,p)")
  (Find 232)
  (Union 232 479 TRUE)
  (NewSet "(q,f8)")
  (Find 14)
  (Union 14 480 TRUE)
  (NewSet "(e8,d8)")
  (Find 15)
  (Union 15 481 TRUE)
  (NewSet "c8+m")
  (Find 10)
  (Union 10 482 TRUE)
  (NewSet "b8+n")
  (Find 11)
  (Union 11 483 TRUE)
  (NewSet "a8+e8")
  (Find 16)
  (Union 16 484 TRUE)
  (NewSet "z7+d8")
  (Find 213)
  (Union 213 485 TRUE)
  (NewSet "c8*z7")
  (Find 206)
  (Union 206 486 TRUE)
  (NewSet "(w,x)")
  (Find 256)
  (Union 256 487 TRUE)
  (NewSet "(33.56, 104.4)")
  (Find 22)
  (Union 22 488 TRUE)
  (NewSet "(71.39, 104.4)")
  (Find 23)
  (Union 23 489 TRUE)
  (NewSet "(y,z)")
  (Find 22)
  (Union 22 490 TRUE)
  (NewSet "33.56")
  (Find 24)
  (Union 24 491 TRUE)
  (NewSet "104.4")
  (Find 25)
  (Union 25 492 TRUE)
  (NewSet "(a,b1)")
  (Find 23)
  (Union 23 493 TRUE)
  (NewSet "71.39")
  (Find 26)
  (Union 26 494 TRUE)
  (NewSet "104.4")
  (Find 27)
  (Union 27 495 TRUE)
  (NewSet "(c1,d1)")
  (Find 234)
  (Union 234 496 TRUE)
  (NewSet "(u,v)")
  (Find 28)
  (Union 28 497 TRUE)
  (NewSet "(s,t)")
  (Find 29)
  (Union 29 498 TRUE)
  (NewSet "r+a")
  (Find 24)
  (Union 24 499 TRUE)
  (FinishedSets)

  ; operations on sets
  (Find 235)
  (Find 28)
  (Union 235 28 TRUE)
  (Find 242)
  (Find 29)
  (Union 242 29 TRUE)
  (Find 41)
  (Find 18)
  (Union 41 18 TRUE)
  (Find 39)
  (Find 19)
  (Union 39 19 TRUE)
  (Find 38)
  (Find 20)
  (Union 38 20 TRUE)
  (Find 36)
  (Find 21)
  (Union 36 21 TRUE)
  (Find 237)
  (Find 14)
  (Union 237 14 TRUE)
  (Find 240)
  (Find 15)
  (Union 240 15 TRUE)
  (Find 44)
  (Find 212)
  (Union 44 212 TRUE)
  (Find 42)
  (Find 211)
  (Union 42 211 TRUE)
  (Find 31)
  (Find 16)
  (Union 31 16 TRUE)
  (Find 30)
  (Find 213)
  (Union 30 213 TRUE)
  (Find 239)
  (Find 8)
  (Union 239 8 TRUE)
  (Find 238)
  (Find 9)
  (Union 238 9 TRUE)
  (Find 34)
  (Find 12)
  (Union 34 12 TRUE)
  (Find 33)
  (Find 13)
  (Union 33 13 TRUE)
  (Find 43)
  (Find 10)
  (Union 43 10 TRUE)
  (Find 42)
  (Find 11)
  (Union 42 11 TRUE)
  (Find 237)
  (Find 199)
  (Union 237 199 TRUE)
  (Find 243)
  (Find 198)
  (Union 243 198 TRUE)
  (NewSet "~136.2")
  (Find 195)
  (Union 195 500 TRUE)
  (NewSet "~345.2")
  (Find 194)
  (Union 194 501 TRUE)
  (Find 31)
  (Find 197)
  (Union 31 197 TRUE)
  (Find 30)
  (Find 196)
  (Union 30 196 TRUE)
  (Find 239)
  (Find 205)
  (Union 239 205 TRUE)
  (Find 238)
  (Find 204)
  (Union 238 204 TRUE)
  (Find 34)
  (Find 201)
  (Union 34 201 TRUE)
  (Find 33)
  (Find 200)
  (Union 33 200 TRUE)
  (Find 43)
  (Find 203)
  (Union 43 203 TRUE)
  (Find 42)
  (Find 202)
  (Union 42 202 TRUE)
  (Find 237)
  (Find 182)
  (Union 237 182 TRUE)
  (Find 241)
  (Find 181)
  (Union 241 181 TRUE)
  (Find 40)
  (Find 178)
  (Union 40 178 TRUE)
  (Find 39)
  (Find 177)
  (Union 39 177 TRUE)
  (Find 31)
  (Find 180)
  (Union 31 180 TRUE)
  (Find 30)
  (Find 179)
  (Union 30 179 TRUE)
  (Find 239)
  (Find 188)
  (Union 239 188 TRUE)
  (Find 238)
  (Find 187)
  (Union 238 187 TRUE)
  (Find 34)
  (Find 184)
  (Union 34 184 TRUE)
  (Find 33)
  (Find 183)
  (Union 33 183 TRUE)
  (Find 43)
  (Find 186)
  (Union 43 186 TRUE)
  (Find 42)
  (Find 185)
  (Union 42 185 TRUE)
  (Find 237)
  (Find 165)
  (Union 237 165 TRUE)
  (Find 236)
  (Find 164)
  (Union 236 164 TRUE)
  (Find 37)
  (Find 161)
  (Union 37 161 TRUE)
  (Find 36)
  (Find 160)
  (Union 36 160 TRUE)
  (Find 31)
  (Find 163)
  (Union 31 163 TRUE)
  (Find 30)
  (Find 162)
  (Union 30 162 TRUE)
  (Find 239)
  (Find 171)
  (Union 239 171 TRUE)
  (Find 238)
  (Find 170)
  (Union 238 170 TRUE)
  (Find 34)
  (Find 167)
  (Union 34 167 TRUE)
  (Find 33)
  (Find 166)
  (Union 33 166 TRUE)
  (Find 43)
  (Find 169)
  (Union 43 169 TRUE)
  (Find 42)
  (Find 168)
  (Union 42 168 TRUE)
  (Find 253)
  (Find 148)
  (Union 253 148 TRUE)
  (NewSet "71.39")
  (Find 146)
  (Union 146 502 TRUE)
  (NewSet "104.4")
  (Find 145)
  (Union 145 503 TRUE)
  (Find 239)
  (Find 147)
  (Union 239 147 TRUE)
  (Find 43)
  (Find 144)
  (Union 43 144 TRUE)
  (Find 42)
  (Find 143)
  (Union 42 143 TRUE)
  (Find 240)
  (Find 154)
  (Union 240 154 TRUE)
  (Find 252)
  (Find 153)
  (Union 252 153 TRUE)
  (NewSet "33.56")
  (Find 150)
  (Union 150 504 TRUE)
  (NewSet "104.4")
  (Find 149)
  (Union 149 505 TRUE)
  (Find 44)
  (Find 152)
  (Union 44 152 TRUE)
  (Find 42)
  (Find 151)
  (Union 42 151 TRUE)
  (Find 251)
  (Find 131)
  (Union 251 131 TRUE)
  (NewSet "71.39")
  (Find 129)
  (Union 129 506 TRUE)
  (NewSet "104.4")
  (Find 128)
  (Union 128 507 TRUE)
  (Find 243)
  (Find 130)
  (Union 243 130 TRUE)
  (Find 195)
  (Find 127)
  (Union 195 127 TRUE)
  (Find 194)
  (Find 126)
  (Union 194 126 TRUE)
  (Find 240)
  (Find 137)
  (Union 240 137 TRUE)
  (Find 250)
  (Find 136)
  (Union 250 136 TRUE)
  (NewSet "33.56")
  (Find 133)
  (Union 133 508 TRUE)
  (NewSet "104.4")
  (Find 132)
  (Union 132 509 TRUE)
  (Find 44)
  (Find 135)
  (Union 44 135 TRUE)
  (Find 42)
  (Find 134)
  (Union 42 134 TRUE)
  (Find 249)
  (Find 114)
  (Union 249 114 TRUE)
  (NewSet "71.39")
  (Find 112)
  (Union 112 510 TRUE)
  (NewSet "104.4")
  (Find 111)
  (Union 111 511 TRUE)
  (Find 242)
  (Find 113)
  (Union 242 113 TRUE)
  (Find 41)
  (Find 110)
  (Union 41 110 TRUE)
  (Find 39)
  (Find 109)
  (Union 39 109 TRUE)
  (Find 240)
  (Find 120)
  (Union 240 120 TRUE)
  (Find 248)
  (Find 119)
  (Union 248 119 TRUE)
  (NewSet "33.56")
  (Find 116)
  (Union 116 512 TRUE)
  (NewSet "104.4")
  (Find 115)
  (Union 115 513 TRUE)
  (Find 44)
  (Find 118)
  (Union 44 118 TRUE)
  (Find 42)
  (Find 117)
  (Union 42 117 TRUE)
  (Find 247)
  (Find 97)
  (Union 247 97 TRUE)
  (NewSet "71.39")
  (Find 95)
  (Union 95 514 TRUE)
  (NewSet "104.4")
  (Find 94)
  (Union 94 515 TRUE)
  (Find 235)
  (Find 96)
  (Union 235 96 TRUE)
  (Find 38)
  (Find 93)
  (Union 38 93 TRUE)
  (Find 36)
  (Find 92)
  (Union 36 92 TRUE)
  (Find 240)
  (Find 103)
  (Union 240 103 TRUE)
  (Find 246)
  (Find 102)
  (Union 246 102 TRUE)
  (NewSet "33.56")
  (Find 99)
  (Union 99 516 TRUE)
  (NewSet "104.4")
  (Find 98)
  (Union 98 517 TRUE)
  (Find 44)
  (Find 101)
  (Union 44 101 TRUE)
  (Find 42)
  (Find 100)
  (Union 42 100 TRUE)
  (Find 242)
  (Find 80)
  (Union 242 80 TRUE)
  (Find 243)
  (Find 79)
  (Union 243 79 TRUE)
  (Find 195)
  (Find 76)
  (Union 195 76 TRUE)
  (Find 194)
  (Find 75)
  (Union 194 75 TRUE)
  (Find 41)
  (Find 78)
  (Union 41 78 TRUE)
  (Find 39)
  (Find 77)
  (Union 39 77 TRUE)
  (Find 245)
  (Find 86)
  (Union 245 86 TRUE)
  (NewSet "71.39")
  (Find 84)
  (Union 84 518 TRUE)
  (NewSet "104.4")
  (Find 83)
  (Union 83 519 TRUE)
  (Find 235)
  (Find 85)
  (Union 235 85 TRUE)
  (Find 38)
  (Find 82)
  (Union 38 82 TRUE)
  (Find 36)
  (Find 81)
  (Union 36 81 TRUE)
  (Find 239)
  (Find 59)
  (Union 239 59 TRUE)
  (Find 238)
  (Find 58)
  (Union 238 58 TRUE)
  (Find 34)
  (Find 55)
  (Union 34 55 TRUE)
  (Find 33)
  (Find 54)
  (Union 33 54 TRUE)
  (Find 43)
  (Find 57)
  (Union 43 57 TRUE)
  (Find 42)
  (Find 56)
  (Union 42 56 TRUE)
  (Find 244)
  (Find 65)
  (Union 244 65 TRUE)
  (NewSet "33.56")
  (Find 63)
  (Union 63 520 TRUE)
  (NewSet "104.4")
  (Find 62)
  (Union 62 521 TRUE)
  (Find 240)
  (Find 64)
  (Union 240 64 TRUE)
  (Find 44)
  (Find 61)
  (Union 44 61 TRUE)
  (Find 42)
  (Find 60)
  (Union 42 60 TRUE)
  (Find 7)
  (Find 5)
  (Find 6)
  (Find 7)
  (Find 3)
  (Find 4)
  (Find 6)
  (Find 2)
  (Find 2)
  (Find 5)
  (Find 1)
  (Find 1)
  (Find 4)
  (Find 0)
  (Find 0)
  (Find 3)
  (Find 17)
  (Find 17)
  (Find 21)
  (Find 2)
  (Find 19)
  (Find 20)
  (Find 1)
  (Find 18)
  (Find 25)
  (Find 0)
  (Find 27)
  (Find 0)
  (Find 25)
  (Find 27)
  (Find 45)
  (Find 47)
  (Find 46)
  (Find 66)
  (Find 68)
  (Find 67)
  (Find 87)
  (Find 90)
  (Find 89)
  (Find 104)
  (Find 107)
  (Find 106)
  (Find 121)
  (Find 124)
  (Find 123)
  (Find 138)
  (Find 141)
  (Find 140)
  (Find 155)
  (Find 158)
  (Find 157)
  (Find 172)
  (Find 175)
  (Find 174)
  (Find 189)
  (Find 192)
  (Find 191)
  (Find 206)
  (Find 209)
  (Find 208)
  (Find 63)
  (Find 53)
  (Find 61)
  (Find 62)
  (Find 52)
  (Find 60)
  (Find 57)
  (Find 51)
  (Find 55)
  (Find 56)
  (Find 50)
  (Find 54)
  (Find 49)
  (Find 53)
  (Find 53)
  (Find 48)
  (Find 52)
  (Find 52)
  (Find 47)
  (Find 51)
  (Find 51)
  (Find 46)
  (Find 50)
  (Find 50)
  (Find 45)
  (Find 49)
  (Find 48)
  (Find 84)
  (Find 74)
  (Find 82)
  (Find 83)
  (Find 73)
  (Find 81)
  (Find 78)
  (Find 72)
  (Find 76)
  (Find 77)
  (Find 71)
  (Find 75)
  (Find 70)
  (Find 74)
  (Find 74)
  (Find 69)
  (Find 73)
  (Find 73)
  (Find 68)
  (Find 72)
  (Find 72)
  (Find 67)
  (Find 71)
  (Find 71)
  (Find 66)
  (Find 70)
  (Find 69)
  (Find 101)
  (Find 91)
  (Find 99)
  (Find 100)
  (Find 90)
  (Find 98)
  (Find 95)
  (Find 89)
  (Find 93)
  (Find 94)
  (Find 88)
  (Find 92)
  (Find 87)
  (Find 91)
  (Find 88)
  (Find 118)
  (Find 108)
  (Find 116)
  (Find 117)
  (Find 107)
  (Find 115)
  (Find 112)
  (Find 106)
  (Find 110)
  (Find 111)
  (Find 105)
  (Find 109)
  (Find 104)
  (Find 108)
  (Find 105)
  (Find 135)
  (Find 125)
  (Find 133)
  (Find 134)
  (Find 124)
  (Find 132)
  (Find 129)
  (Find 123)
  (Find 127)
  (Find 128)
  (Find 122)
  (Find 126)
  (Find 121)
  (Find 125)
  (Find 122)
  (Find 152)
  (Find 142)
  (Find 150)
  (Find 151)
  (Find 141)
  (Find 149)
  (Find 146)
  (Find 140)
  (Find 144)
  (Find 145)
  (Find 139)
  (Find 143)
  (Find 138)
  (Find 142)
  (Find 139)
  (Find 169)
  (Find 159)
  (Find 167)
  (Find 168)
  (Find 158)
  (Find 166)
  (Find 163)
  (Find 157)
  (Find 161)
  (Find 162)
  (Find 156)
  (Find 160)
  (Find 155)
  (Find 159)
  (Find 156)
  (Find 186)
  (Find 176)
  (Find 184)
  (Find 185)
  (Find 175)
  (Find 183)
  (Find 180)
  (Find 174)
  (Find 178)
  (Find 179)
  (Find 173)
  (Find 177)
  (Find 172)
  (Find 176)
  (Find 173)
  (Find 203)
  (Find 193)
  (Find 201)
  (Find 202)
  (Find 192)
  (Find 200)
  (Find 197)
  (Find 191)
  (Find 195)
  (Find 196)
  (Find 190)
  (Find 194)
  (Find 189)
  (Find 193)
  (Find 190)
  (Find 10)
  (Find 210)
  (Find 12)
  (Find 11)
  (Find 209)
  (Find 13)
  (Find 16)
  (Find 208)
  (Find 212)
  (Find 213)
  (Find 207)
  (Find 211)
  (Find 206)
  (Find 210)
  (Find 207)
  (Find 24)
  (Find 17)
  (Find 26)
  (Find 17)
  (Find 24)
  (Find 26)
  (Find 3)
  (Find 17)
  (Find 17)
  (Find 4)
  (Find 0)
  (Find 0)
  (Find 7)
  (Find 3)
  (Find 4)
  (Find 174)
  (Find 180)
  (Find 178)
  (Find 157)
  (Find 163)
  (Find 161)
  (Find 190)
  (Find 196)
  (Find 194)
  (Find 122)
  (Find 128)
  (Find 126)
  (Find 191)
  (Find 197)
  (Find 195)
  (Find 123)
  (Find 129)
  (Find 127)
  (Find 210)
  (Find 10)
  (Find 12)
  (Find 193)
  (Find 203)
  (Find 201)
  (Find 176)
  (Find 186)
  (Find 184)
  (Find 159)
  (Find 169)
  (Find 167)
  (Find 140)
  (Find 146)
  (Find 144)
  (Find 51)
  (Find 57)
  (Find 55)
  (Find 47)
  (Find 51)
  (Find 51)
  (Find 189)
  (Find 193)
  (Find 190)
  (Find 192)
  (Find 192)
  (Find 191)
  (Find 189)
  (Find 207)
  (Find 213)
  (Find 211)
  (Find 209)
  (Find 11)
  (Find 13)
  (Find 192)
  (Find 202)
  (Find 200)
  (Find 175)
  (Find 185)
  (Find 183)
  (Find 158)
  (Find 168)
  (Find 166)
  (Find 139)
  (Find 145)
  (Find 143)
  (Find 141)
  (Find 151)
  (Find 149)
  (Find 124)
  (Find 134)
  (Find 132)
  (Find 107)
  (Find 117)
  (Find 115)
  (Find 90)
  (Find 100)
  (Find 98)
  (Find 50)
  (Find 56)
  (Find 54)
  (Find 52)
  (Find 62)
  (Find 60)
  (Find 48)
  (Find 52)
  (Find 52)
  (Find 46)
  (Find 50)
  (Find 50)
  (Find 45)
  (Find 47)
  (Find 46)
  (Find 49)
  (Find 45)
  (Find 48)
  (Find 53)
  (Find 53)
  (Find 53)
  (Find 49)
  (Find 121)
  (Find 124)
  (Find 123)
  (Find 125)
  (Find 125)
  (Find 122)
  (Find 121)
  (Find 138)
  (Find 141)
  (Find 140)
  (Find 142)
  (Find 142)
  (Find 139)
  (Find 138)
  (Find 155)
  (Find 158)
  (Find 157)
  (Find 156)
  (Find 159)
  (Find 156)
  (Find 155)
  (Find 172)
  (Find 175)
  (Find 174)
  (Find 173)
  (Find 176)
  (Find 173)
  (Find 172)
  (Find 206)
  (Find 210)
  (Find 207)
  (Find 208)
  (Find 209)
  (Find 208)
  (Find 206)
  (Find 208)
  (Find 16)
  (Find 212)
  (Find 142)
  (Find 152)
  (Find 150)
  (Find 125)
  (Find 135)
  (Find 133)
  (Find 108)
  (Find 118)
  (Find 116)
  (Find 91)
  (Find 101)
  (Find 99)
  (Find 53)
  (Find 63)
  (Find 61)
  (Find 106)
  (Find 112)
  (Find 110)
  (Find 72)
  (Find 78)
  (Find 76)
  (Find 68)
  (Find 72)
  (Find 72)
  (Find 104)
  (Find 107)
  (Find 106)
  (Find 105)
  (Find 108)
  (Find 105)
  (Find 104)
  (Find 89)
  (Find 95)
  (Find 93)
  (Find 74)
  (Find 84)
  (Find 82)
  (Find 1)
  (Find 20)
  (Find 18)
  (Find 5)
  (Find 1)
  (Find 1)
  (Find 6)
  (Find 7)
  (Find 5)
  (Find 2)
  (Find 2)
  (Find 2)
  (Find 6)
  (Find 70)
  (Find 74)
  (Find 74)
  (Find 87)
  (Find 90)
  (Find 89)
  (Find 88)
  (Find 91)
  (Find 88)
  (Find 87)
  (Find 173)
  (Find 179)
  (Find 177)
  (Find 105)
  (Find 111)
  (Find 109)
  (Find 71)
  (Find 77)
  (Find 75)
  (Find 67)
  (Find 71)
  (Find 71)
  (Find 66)
  (Find 68)
  (Find 67)
  (Find 69)
  (Find 66)
  (Find 70)
  (Find 73)
  (Find 73)
  (Find 73)
  (Find 69)
  (Find 156)
  (Find 162)
  (Find 160)
  (Find 88)
  (Find 94)
  (Find 92)
  (Find 73)
  (Find 83)
  (Find 81)
  (Find 2)
  (Find 21)
  (Find 19)
  (Find 7)
  (Find 7)
  (Find 5)
  (Find 5)
  (Find 6)
  (Find 6)
  (Find 3)
  (Find 3)
  (Find 4)
  (Find 4)
  (Find 2)
  (Find 2)
  (Find 1)
  (Find 1)
  (Find 0)
  (Find 0)
  (Find 17)
  (Find 17)
  (Find 21)
  (Find 36)
  (Find 19)
  (Find 39)
  (Find 20)
  (Find 38)
  (Find 18)
  (Find 41)
  (Find 234)
  (Find 234)
  (Find 235)
  (Find 235)
  (Find 38)
  (Find 38)
  (Find 36)
  (Find 36)
  (Find 242)
  (Find 242)
  (Find 41)
  (Find 41)
  (Find 39)
  (Find 39)
  (Find 233)
  (Find 233)
  (Find 239)
  (Find 239)
  (Find 43)
  (Find 43)
  (Find 42)
  (Find 42)
  (Find 238)
  (Find 238)
  (Find 34)
  (Find 34)
  (Find 33)
  (Find 33)
  (Find 232)
  (Find 232)
  (Find 237)
  (Find 237)
  (Find 31)
  (Find 31)
  (Find 30)
  (Find 30)
  (Find 240)
  (Find 240)
  (Find 44)
  (Find 44)
  (Find 42)
  (Find 42)
  (Find 231)
  (Find 231)
  (Find 237)
  (Find 237)
  (Find 243)
  (Find 243)
  (Find 195)
  (Find 195)
  (Find 194)
  (Find 194)
  (Find 236)
  (Find 236)
  (Find 37)
  (Find 37)
  (Find 36)
  (Find 36)
  (Find 241)
  (Find 241)
  (Find 40)
  (Find 40)
  (Find 39)
  (Find 39)
  (Find 45)
  (Find 45)
  (Find 47)
  (Find 47)
  (Find 46)
  (Find 46)
  (Find 66)
  (Find 66)
  (Find 68)
  (Find 68)
  (Find 67)
  (Find 67)
  (Find 87)
  (Find 87)
  (Find 90)
  (Find 90)
  (Find 89)
  (Find 89)
  (Find 104)
  (Find 104)
  (Find 107)
  (Find 107)
  (Find 106)
  (Find 106)
  (Find 121)
  (Find 121)
  (Find 124)
  (Find 124)
  (Find 123)
  (Find 123)
  (Find 138)
  (Find 138)
  (Find 141)
  (Find 141)
  (Find 140)
  (Find 140)
  (Find 155)
  (Find 155)
  (Find 158)
  (Find 158)
  (Find 157)
  (Find 157)
  (Find 172)
  (Find 172)
  (Find 175)
  (Find 175)
  (Find 174)
  (Find 174)
  (Find 189)
  (Find 189)
  (Find 192)
  (Find 192)
  (Find 191)
  (Find 191)
  (Find 206)
  (Find 206)
  (Find 209)
  (Find 209)
  (Find 208)
  (Find 208)
  (Find 230)
  (Find 230)
  (Find 244)
  (Find 244)
  (Find 240)
  (Find 240)
  (Find 229)
  (Find 229)
  (Find 239)
  (Find 239)
  (Find 238)
  (Find 238)
  (Find 228)
  (Find 228)
  (Find 245)
  (Find 245)
  (Find 235)
  (Find 235)
  (Find 227)
  (Find 227)
  (Find 242)
  (Find 242)
  (Find 243)
  (Find 243)
  (Find 226)
  (Find 226)
  (Find 240)
  (Find 240)
  (Find 246)
  (Find 246)
  (Find 225)
  (Find 225)
  (Find 247)
  (Find 247)
  (Find 235)
  (Find 235)
  (Find 224)
  (Find 224)
  (Find 240)
  (Find 240)
  (Find 248)
  (Find 248)
  (Find 223)
  (Find 223)
  (Find 249)
  (Find 249)
  (Find 242)
  (Find 242)
  (Find 222)
  (Find 222)
  (Find 240)
  (Find 240)
  (Find 250)
  (Find 250)
  (Find 221)
  (Find 221)
  (Find 251)
  (Find 251)
  (Find 243)
  (Find 243)
  (Find 220)
  (Find 220)
  (Find 240)
  (Find 240)
  (Find 252)
  (Find 252)
  (Find 219)
  (Find 219)
  (Find 253)
  (Find 253)
  (Find 239)
  (Find 239)
  (Find 218)
  (Find 218)
  (Find 239)
  (Find 239)
  (Find 238)
  (Find 238)
  (Find 217)
  (Find 217)
  (Find 237)
  (Find 237)
  (Find 236)
  (Find 236)
  (Find 216)
  (Find 216)
  (Find 239)
  (Find 239)
  (Find 238)
  (Find 238)
  (Find 215)
  (Find 215)
  (Find 237)
  (Find 237)
  (Find 241)
  (Find 241)
  (Find 214)
  (Find 214)
  (Find 239)
  (Find 239)
  (Find 238)
  (Find 238)
  (Find 65)
  (Find 244)
  (Find 64)
  (Find 240)
  (Find 65)
  (Find 244)
  (Find 64)
  (Find 240)
  (Find 61)
  (Find 44)
  (Find 60)
  (Find 42)
  (Find 59)
  (Find 239)
  (Find 58)
  (Find 238)
  (Find 59)
  (Find 239)
  (Find 57)
  (Find 43)
  (Find 56)
  (Find 42)
  (Find 58)
  (Find 238)
  (Find 55)
  (Find 34)
  (Find 54)
  (Find 33)
  (Find 53)
  (Find 53)
  (Find 61)
  (Find 44)
  (Find 52)
  (Find 52)
  (Find 60)
  (Find 42)
  (Find 57)
  (Find 43)
  (Find 51)
  (Find 51)
  (Find 55)
  (Find 34)
  (Find 56)
  (Find 42)
  (Find 50)
  (Find 50)
  (Find 54)
  (Find 33)
  (Find 49)
  (Find 49)
  (Find 48)
  (Find 48)
  (Find 86)
  (Find 245)
  (Find 85)
  (Find 235)
  (Find 86)
  (Find 245)
  (Find 85)
  (Find 235)
  (Find 82)
  (Find 38)
  (Find 81)
  (Find 36)
  (Find 80)
  (Find 242)
  (Find 79)
  (Find 243)
  (Find 80)
  (Find 242)
  (Find 78)
  (Find 41)
  (Find 77)
  (Find 39)
  (Find 79)
  (Find 243)
  (Find 76)
  (Find 195)
  (Find 75)
  (Find 194)
  (Find 74)
  (Find 74)
  (Find 82)
  (Find 38)
  (Find 73)
  (Find 73)
  (Find 81)
  (Find 36)
  (Find 78)
  (Find 41)
  (Find 72)
  (Find 72)
  (Find 76)
  (Find 195)
  (Find 77)
  (Find 39)
  (Find 71)
  (Find 71)
  (Find 75)
  (Find 194)
  (Find 70)
  (Find 70)
  (Find 69)
  (Find 69)
  (Find 103)
  (Find 240)
  (Find 102)
  (Find 246)
  (Find 103)
  (Find 240)
  (Find 101)
  (Find 44)
  (Find 100)
  (Find 42)
  (Find 102)
  (Find 246)
  (Find 97)
  (Find 247)
  (Find 96)
  (Find 235)
  (Find 97)
  (Find 247)
  (Find 96)
  (Find 235)
  (Find 93)
  (Find 38)
  (Find 92)
  (Find 36)
  (Find 101)
  (Find 44)
  (Find 91)
  (Find 91)
  (Find 100)
  (Find 42)
  (Find 93)
  (Find 38)
  (Find 88)
  (Find 88)
  (Find 92)
  (Find 36)
  (Find 120)
  (Find 240)
  (Find 119)
  (Find 248)
  (Find 120)
  (Find 240)
  (Find 118)
  (Find 44)
  (Find 117)
  (Find 42)
  (Find 119)
  (Find 248)
  (Find 114)
  (Find 249)
  (Find 113)
  (Find 242)
  (Find 114)
  (Find 249)
  (Find 113)
  (Find 242)
  (Find 110)
  (Find 41)
  (Find 109)
  (Find 39)
  (Find 118)
  (Find 44)
  (Find 108)
  (Find 108)
  (Find 117)
  (Find 42)
  (Find 110)
  (Find 41)
  (Find 105)
  (Find 105)
  (Find 109)
  (Find 39)
  (Find 137)
  (Find 240)
  (Find 136)
  (Find 250)
  (Find 137)
  (Find 240)
  (Find 135)
  (Find 44)
  (Find 134)
  (Find 42)
  (Find 136)
  (Find 250)
  (Find 131)
  (Find 251)
  (Find 130)
  (Find 243)
  (Find 131)
  (Find 251)
  (Find 130)
  (Find 243)
  (Find 127)
  (Find 195)
  (Find 126)
  (Find 194)
  (Find 135)
  (Find 44)
  (Find 125)
  (Find 125)
  (Find 134)
  (Find 42)
  (Find 127)
  (Find 195)
  (Find 122)
  (Find 122)
  (Find 126)
  (Find 194)
  (Find 154)
  (Find 240)
  (Find 153)
  (Find 252)
  (Find 154)
  (Find 240)
  (Find 152)
  (Find 44)
  (Find 151)
  (Find 42)
  (Find 153)
  (Find 252)
  (Find 148)
  (Find 253)
  (Find 147)
  (Find 239)
  (Find 148)
  (Find 253)
  (Find 147)
  (Find 239)
  (Find 144)
  (Find 43)
  (Find 143)
  (Find 42)
  (Find 152)
  (Find 44)
  (Find 142)
  (Find 142)
  (Find 151)
  (Find 42)
  (Find 144)
  (Find 43)
  (Find 139)
  (Find 139)
  (Find 143)
  (Find 42)
  (Find 171)
  (Find 239)
  (Find 170)
  (Find 238)
  (Find 171)
  (Find 239)
  (Find 169)
  (Find 43)
  (Find 168)
  (Find 42)
  (Find 170)
  (Find 238)
  (Find 167)
  (Find 34)
  (Find 166)
  (Find 33)
  (Find 165)
  (Find 237)
  (Find 164)
  (Find 236)
  (Find 165)
  (Find 237)
  (Find 163)
  (Find 31)
  (Find 162)
  (Find 30)
  (Find 164)
  (Find 236)
  (Find 161)
  (Find 37)
  (Find 160)
  (Find 36)
  (Find 169)
  (Find 43)
  (Find 159)
  (Find 159)
  (Find 167)
  (Find 34)
  (Find 168)
  (Find 42)
  (Find 166)
  (Find 33)
  (Find 163)
  (Find 31)
  (Find 161)
  (Find 37)
  (Find 162)
  (Find 30)
  (Find 156)
  (Find 156)
  (Find 160)
  (Find 36)
  (Find 188)
  (Find 239)
  (Find 187)
  (Find 238)
  (Find 188)
  (Find 239)
  (Find 186)
  (Find 43)
  (Find 185)
  (Find 42)
  (Find 187)
  (Find 238)
  (Find 184)
  (Find 34)
  (Find 183)
  (Find 33)
  (Find 182)
  (Find 237)
  (Find 181)
  (Find 241)
  (Find 182)
  (Find 237)
  (Find 180)
  (Find 31)
  (Find 179)
  (Find 30)
  (Find 181)
  (Find 241)
  (Find 178)
  (Find 40)
  (Find 177)
  (Find 39)
  (Find 186)
  (Find 43)
  (Find 176)
  (Find 176)
  (Find 184)
  (Find 34)
  (Find 185)
  (Find 42)
  (Find 183)
  (Find 33)
  (Find 180)
  (Find 31)
  (Find 178)
  (Find 40)
  (Find 179)
  (Find 30)
  (Find 173)
  (Find 173)
  (Find 177)
  (Find 39)
  (Find 205)
  (Find 239)
  (Find 204)
  (Find 238)
  (Find 205)
  (Find 239)
  (Find 203)
  (Find 43)
  (Find 202)
  (Find 42)
  (Find 204)
  (Find 238)
  (Find 201)
  (Find 34)
  (Find 200)
  (Find 33)
  (Find 199)
  (Find 237)
  (Find 198)
  (Find 243)
  (Find 199)
  (Find 237)
  (Find 197)
  (Find 31)
  (Find 196)
  (Find 30)
  (Find 198)
  (Find 243)
  (Find 203)
  (Find 43)
  (Find 193)
  (Find 193)
  (Find 201)
  (Find 34)
  (Find 202)
  (Find 42)
  (Find 200)
  (Find 33)
  (Find 197)
  (Find 31)
  (Find 196)
  (Find 30)
  (Find 190)
  (Find 190)
  (Find 8)
  (Find 239)
  (Find 9)
  (Find 238)
  (Find 8)
  (Find 239)
  (Find 10)
  (Find 43)
  (Find 11)
  (Find 42)
  (Find 9)
  (Find 238)
  (Find 12)
  (Find 34)
  (Find 13)
  (Find 33)
  (Find 14)
  (Find 237)
  (Find 15)
  (Find 240)
  (Find 14)
  (Find 237)
  (Find 16)
  (Find 31)
  (Find 213)
  (Find 30)
  (Find 15)
  (Find 240)
  (Find 212)
  (Find 44)
  (Find 211)
  (Find 42)
  (Find 10)
  (Find 43)
  (Find 210)
  (Find 210)
  (Find 12)
  (Find 34)
  (Find 11)
  (Find 42)
  (Find 13)
  (Find 33)
  (Find 16)
  (Find 31)
  (Find 212)
  (Find 44)
  (Find 213)
  (Find 30)
  (Find 207)
  (Find 207)
  (Find 211)
  (Find 42)
  (Find 28)
  (Find 235)
  (Find 29)
  (Find 242)
  (Find 28)
  (Find 235)
  (Find 20)
  (Find 38)
  (Find 21)
  (Find 36)
  (Find 29)
  (Find 242)
  (Find 18)
  (Find 41)
  (Find 19)
  (Find 39)
)
