( ; create sets
  (NewSet "a")
  (NewSet "b")
  (NewSet "c")
  (NewSet "d")
  (NewSet "e")
  (NewSet "(a,b)")
  (Find 3)
  (Union 3 5 TRUE)
  (NewSet "~104.8")
  (Find 0)
  (Union 0 6 TRUE)
  (NewSet "~165.9")
  (Find 1)
  (Union 1 7 TRUE)
  (Find 2)
  (Find 1)
  (Find 0)
  (NewSet "(a,c)")
  (Find 4)
  (Union 4 8 TRUE)
  (NewSet "53.51")
  (Find 0)
  (Union 0 9 TRUE)
  (NewSet "90.7")
  (Find 2)
  (Union 2 10 TRUE)
  (FinishedSets)

  ; operations on sets
  (Find 3)
  (Find 3)
  (Find 0)
  (Find 0)
  (Find 1)
  (Find 1)
)
