
Input System:
  VAR
    a ~ 153.7,
    b ~ 163.3,
    c ~ 186.1,
    d ~ 339.8,
    e ~ 130.8,
    f ~ 75.6,
    g ~ 228.1,
    h ~ 151.9,
    i ~ 108,
    j ~ 98.41,
    k ~ 242.5,
    l ~ 201.6,
    da,
    cz,
    cy,
    cx,
    cw,
    cv,
    cu,
    ct,
    cs,
    cr,
    cq,
    cp,
    co,
    cn,
    cm,
    cl,
    ck,
    cj,
    ci,
    ch,
    cg,
    cf,
    ce,
    cd,
    cc,
    cb,
    ca,
    bz,
    by,
    bx,
    bw,
    bv,
    bu,
    bt,
    bs,
    br,
    bq,
    bp,
    bo,
    bn,
    bm,
    bl,
    bk,
    bj,
    bi,
    bh,
    bg,
    bf,
    be,
    bd,
    bc,
    bb,
    ba,
    z,
    y,
    x,
    w,
    v,
    u,
    t,
    s,
    r,
    q,
    p,
    o,
    n,
    m
  IN
    da = 104.4 - 441.4407 AND
    cz = 441.4407 - 104.4 AND
    cy = 441.4407 - 104.4 AND
    cx = 441.4407 - 104.4 AND
    cw = 441.4407 - 104.4 AND
    cv = 104.4 - 441.4407 AND
    cu = 441.4407 - 104.4 AND
    ct = 108.30561 - 33.56 AND
    cs = ct * cv AND
    cr = 441.4407 - 104.4 AND
    cq = 108.30561 - 33.56 AND
    cp = 441.4407 - 104.4 AND
    co = 108.30561 - 33.56 AND
    cn = 441.4407 - 104.4 AND
    cm = 108.30561 - 33.56 AND
    cl = 441.4407 - 104.4 AND
    ck = cl * cl AND
    cj = 104.4 - 441.4407 AND
    ci = cj * cj AND
    ch = 33.56 - 108.30561 AND
    cg = ch * ch AND
    cf = cg + ci AND
    ce = cf - ck AND
    cd = 104.4 - 104.4 AND
    cc = cd * cd AND
    cb = c - b AND
    ca = cw * cb AND
    bz = c - a AND
    by = cx * bz AND
    bx = c - 108.30561 AND
    bw = cz * bx AND
    bv = 104.4 - d AND
    bu = cq * bv AND
    bt = 104.4 - d AND
    bs = c - e AND
    br = cy * bs AND
    bq = f - e AND
    bp = 33.56 - f AND
    bo = bp * bp AND
    bn = bo + cc AND
    bm = h - g AND
    bl = f - h AND
    bk = h - g AND
    bj = h - g AND
    bi = h - g AND
    bh = h - g AND
    bg = i - e AND
    bf = bg * bg AND
    be = f - i AND
    bd = cp * be AND
    bc = j - i AND
    bb = bc * bc AND
    ba = bn - bb AND
    z = f - j AND
    y = z * z AND
    x = f - j AND
    w = cn * x AND
    v = k - d AND
    u = v * v AND
    t = bf + u AND
    s = t - y AND
    r = 104.4 - k AND
    q = 104.4 - k AND
    p = l - k AND
    o = 104.4 - l AND
    n = 104.4 - l AND
    m = 104.4 - l AND
    cs = cu * bl AND
    ce = bm * bm AND
    bw = bh * da AND
    bu = cr * bq AND
    br = bi * bt AND
    ca = bk * m AND
    by = bj * q AND
    bd = co * r AND
    ba = p * p AND
    w = cm * n AND
    s = o * o
  -> SKIP
  END
Solution Found:
  a = 151.98335
  b = 161.61389
  c = 183.05122
  d = 341.15494
  e = 130.546
  f = 78.04081
  g = 227.53203
  h = 152.7864
  i = 109.10867
  j = 99.47814
  k = 244.49033
  l = 201.06459
  da = -337.0407
  cz = 337.0407
  cy = 337.0407
  cx = 337.0407
  cw = 337.0407
  cv = -337.0407
  cu = 337.0407
  ct = 74.745605
  cs = -25192.312
  cr = 337.0407
  cq = 74.745605
  cp = 337.0407
  co = 74.745605
  cn = 337.0407
  cm = 74.745605
  cl = 337.0407
  ck = 113596.44
  cj = -337.0407
  ci = 113596.44
  ch = -74.745605
  cg = 5586.906
  cf = 119183.34
  ce = 5586.9062
  cd = 0
  cc = 0
  cb = 21.437332
  ca = 7225.2534
  bz = 31.067871
  by = 10471.138
  bx = 74.74561
  bw = 25192.314
  bv = -236.75494
  bu = -17696.393
  bt = -236.75494
  bs = 52.50522
  br = 17696.396
  bq = -52.505196
  bp = -44.48081
  bo = 1978.5424
  bn = 1978.5424
  bm = -74.74562
  bl = -74.7456
  bk = -74.74562
  bj = -74.74562
  bi = -74.74562
  bh = -74.74562
  bg = -21.437332
  bf = 459.5592
  be = -31.067863
  bd = -10471.135
  bc = -9.630531
  bb = 92.74713
  ba = 1885.7952
  z = -21.437332
  y = 459.5592
  x = -21.437332
  w = -7225.2534
  v = -96.66461
  u = 9344.047
  t = 9803.606
  s = 9344.047
  r = -140.09033
  q = -140.09033
  p = -43.425735
  o = -96.66459
  n = -96.66459
  m = -96.66459
