
Input System:
  VAR
    a ~ 433.8,
    b ~ 210.7,
    c ~ 102.9,
    d ~ 99.88,
    e ~ -42.72,
    db,
    da,
    cz,
    cy,
    cx,
    cw,
    cv,
    cu,
    ct,
    cs,
    cr,
    cq,
    cp,
    co,
    cn,
    cm,
    cl,
    ck,
    cj,
    ci,
    ch,
    cg,
    cf,
    ce,
    cd,
    cc,
    cb,
    ca,
    bz,
    by,
    bx,
    bw,
    bv,
    bu,
    bt,
    bs,
    br,
    bq,
    bp,
    bo,
    bn,
    bm,
    bl,
    bk,
    bj,
    bi,
    bh,
    bg,
    bf,
    be,
    bd,
    bc,
    bb,
    ba,
    z,
    y,
    x,
    w,
    v,
    u,
    t,
    s,
    r,
    q,
    p,
    o,
    n,
    m,
    l,
    k,
    j,
    i,
    h,
    g,
    f
  IN
    db = 334.88855 - 300 AND
    da = db * db AND
    cz = 242.00003 - 100 AND
    cy = cz * cz AND
    cx = cy + da AND
    cw = 334.88855 - 300 AND
    cv = cw * cw AND
    cu = 242.00003 - 100 AND
    ct = cu * cu AND
    cs = ct + cv AND
    cr = 442.95767 - 334.88855 AND
    cq = cr * cr AND
    cp = 96.1875 - 242.00003 AND
    co = cp * cp AND
    cn = co + cq AND
    cm = 334.88855 - 300 AND
    cl = cm * cm AND
    ck = 242.00003 - 100 AND
    cj = ck * ck AND
    ci = cj + cl AND
    ch = 334.88855 - 300 AND
    cg = ch * ch AND
    cf = 242.00003 - 100 AND
    ce = cf * cf AND
    cd = ce + cg AND
    cc = 300 - 442.95767 AND
    cb = cc * cc AND
    ca = 100 - 96.1875 AND
    bz = ca * ca AND
    by = bz + cb AND
    bx = 442.95767 - 334.88855 AND
    bw = bx * bx AND
    bv = 96.1875 - 242.00003 AND
    bu = bv * bv AND
    bt = bu + bw AND
    bs = a - 442.95767 AND
    br = bs * bs AND
    bq = a - 300 AND
    bp = bq * bq AND
    bo = a - 334.88855 AND
    bn = bo * bo AND
    bm = b - 96.1875 AND
    bl = bm * bm AND
    bk = bl + br AND
    bj = b - 100 AND
    bi = bj * bj AND
    bh = bi + bp AND
    bg = b - 242.00003 AND
    bf = bg * bg AND
    be = bf + bn AND
    bd = c - 0 AND
    bc = bd * bd AND
    bb = cd + bc AND
    ba = bb - bk AND
    z = c - 0 AND
    y = z * z AND
    x = ci + y AND
    w = x - bt AND
    v = c - 0 AND
    u = v * v AND
    t = cs + u AND
    s = t - bh AND
    r = c - 0 AND
    q = r * r AND
    p = cx + q AND
    o = p - be AND
    n = d - c AND
    m = 0 - d AND
    l = m * m AND
    k = by + l AND
    j = k - cn AND
    i = d - c AND
    h = e - d AND
    g = e - 0 AND
    f = e - c AND
    ba = h * h AND
    w = n * n AND
    s = g * g AND
    o = f * f AND
    j = i * i
  -> SKIP
  END
Solution Found:
  a = 443.8837
  b = 205.68146
  c = 107.59631
  d = 111.833595
  e = -32.9711
  db = 34.88855
  da = 1217.2109
  cz = 142.00003
  cy = 20164.008
  cx = 21381.219
  cw = 34.88855
  cv = 1217.2109
  cu = 142.00003
  ct = 20164.008
  cs = 21381.219
  cr = 108.06912
  cq = 11678.936
  cp = -145.81253
  co = 21261.295
  cn = 32940.23
  cm = 34.88855
  cl = 1217.2109
  ck = 142.00003
  cj = 20164.008
  ci = 21381.219
  ch = 34.88855
  cg = 1217.2109
  cf = 142.00003
  ce = 20164.008
  cd = 21381.219
  cc = -142.95767
  cb = 20436.896
  ca = 3.8125
  bz = 14.535156
  by = 20451.432
  bx = 108.06912
  bw = 11678.936
  bv = -145.81253
  bu = 21261.295
  bt = 32940.23
  bs = 0.9260254
  br = 0.857523
  bq = 143.8837
  bp = 20702.518
  bo = 108.99515
  bn = 11879.942
  bm = 109.49396
  bl = 11988.927
  bk = 11989.784
  bj = 105.68146
  bi = 11168.57
  bh = 31871.088
  bg = -36.318573
  bf = 1319.0387
  be = 13198.981
  bd = 107.59631
  bc = 11576.967
  bb = 32958.187
  ba = 20968.402
  z = 107.59631
  y = 11576.967
  x = 32958.187
  w = 17.957031
  v = 107.59631
  u = 11576.967
  t = 32958.187
  s = 1087.0996
  r = 107.59631
  q = 11576.967
  p = 32958.187
  o = 19759.207
  n = 4.237282
  m = -111.833595
  l = 12506.753
  k = 32958.184
  j = 17.953125
  i = 4.237282
  h = -144.80469
  g = -32.9711
  f = -140.56741
